INFO: 2023/07/21 01:00:18 main.go:14: Starting the application...
INFO: 2023/07/22 00:43:10 main.go:11: Starting the application...
INFO: 2023/07/22 00:43:10 transactions.go:17: Starting the application...
INFO: 2023/07/22 14:21:16 main.go:11: Starting the application...
INFO: 2023/07/22 14:21:16 transactions.go:17: Starting the application...
INFO: 2023/07/22 14:23:24 main.go:11: Starting the application...
INFO: 2023/07/22 14:23:24 transactions.go:17: Starting the application...
INFO: 2023/07/22 14:26:08 main.go:11: Starting the application...
INFO: 2023/07/22 14:26:08 transactions.go:17: Starting the application...
INFO: 2023/07/22 14:29:25 main.go:11: Starting the application...
INFO: 2023/07/22 14:29:25 transactions.go:17: Starting the application...
INFO: 2023/07/22 15:08:17 main.go:11: Starting the application...
INFO: 2023/07/22 15:08:17 transactions.go:17: Starting the application...
INFO: 2023/07/22 15:09:35 main.go:11: Starting the application...
INFO: 2023/07/22 15:09:35 transactions.go:17: Starting the application...
INFO: 2023/07/22 15:19:01 main.go:11: Starting the application...
INFO: 2023/07/22 15:19:01 transactions.go:18: Starting the application...
INFO: 2023/07/22 15:20:52 main.go:11: Starting the application...
INFO: 2023/07/22 15:20:52 transactions.go:17: Starting the application...
INFO: 2023/07/22 15:36:50 main.go:11: Starting the application...
INFO: 2023/07/22 15:36:50 transactions.go:18: Starting the application...
INFO: 2023/07/22 15:51:44 main.go:11: Starting the application...
INFO: 2023/07/22 15:51:44 transactions.go:18: Starting the application...
INFO: 2023/07/22 16:14:24 connection.go:36: database connected
INFO: 2023/07/22 16:14:24 main.go:11: Starting the application...
INFO: 2023/07/22 16:14:24 transactions.go:19: Starting the application...
INFO: 2023/07/22 16:18:57 connection.go:36: database connected
INFO: 2023/07/22 16:18:57 main.go:11: Starting the application...
INFO: 2023/07/22 16:18:57 transactions.go:19: Starting the application...
INFO: 2023/07/22 16:19:31 transactions.go:130: Loaded new transactions...
INFO: 2023/07/22 16:19:31 transactions.go:136: Creating new transactions...
ERROR: 2023/07/22 16:19:31 transactions.go:150: pq: invalid input syntax for integer: "0x5cb9e481010e4bae1eaf423d057a73081203ab4b954897be74abbba04acda669"
INFO: 2023/07/22 20:06:36 connection.go:36: database connected
INFO: 2023/07/22 20:06:36 main.go:11: Starting the application...
INFO: 2023/07/22 20:06:36 transactions.go:19: Starting the application...
INFO: 2023/07/22 20:07:42 transactions.go:141: Loaded new transactions...
INFO: 2023/07/22 20:07:42 transactions.go:147: Creating new transactions...
ERROR: 2023/07/22 20:07:42 transactions.go:161: pq: invalid input syntax for integer: "0x1936443b4a4773d0104c1f1e340311619885e5cff7b798413ec82913bae3f207"
INFO: 2023/07/22 20:42:27 connection.go:36: database connected
INFO: 2023/07/22 20:42:27 main.go:11: Starting the application...
INFO: 2023/07/22 20:42:27 transactions.go:19: Starting the application...
INFO: 2023/07/22 20:47:28 connection.go:36: database connected
INFO: 2023/07/22 20:47:28 main.go:11: Starting the application...
INFO: 2023/07/22 20:47:28 transactions.go:18: Starting the application...
INFO: 2023/07/22 20:48:10 transactions.go:144: Loaded new transactions...
INFO: 2023/07/22 20:48:10 transactions.go:150: Creating new transactions...
ERROR: 2023/07/22 20:48:10 transactions.go:164: pq: invalid byte sequence for encoding "UTF8": 0xb6
INFO: 2023/07/22 22:15:57 connection.go:36: database connected
INFO: 2023/07/22 22:15:57 main.go:11: Starting the application...
INFO: 2023/07/22 22:15:57 transactions.go:18: Starting the application...
INFO: 2023/07/22 22:18:30 connection.go:36: database connected
INFO: 2023/07/22 22:18:30 main.go:11: Starting the application...
INFO: 2023/07/22 22:18:30 transactions.go:18: Starting the application...
INFO: 2023/07/22 22:19:03 transactions.go:144: Loaded new transactions...
INFO: 2023/07/22 22:19:03 transactions.go:150: Creating new transactions...
ERROR: 2023/07/22 22:19:03 transactions.go:164: pq: invalid byte sequence for encoding "UTF8": 0xa9
INFO: 2023/07/22 22:30:31 connection.go:36: database connected
INFO: 2023/07/22 22:30:31 main.go:11: Starting the application...
INFO: 2023/07/22 22:30:31 transactions.go:18: Starting the application...
INFO: 2023/07/22 22:31:12 transactions.go:144: Loaded new transactions...
INFO: 2023/07/22 22:31:12 transactions.go:150: Creating new transactions...
INFO: 2023/07/22 22:31:12 transactions.go:167: Created new transaction
INFO: 2023/07/22 22:31:12 transactions.go:167: Created new transaction
INFO: 2023/07/22 22:31:12 transactions.go:167: Created new transaction
INFO: 2023/07/22 22:31:12 transactions.go:167: Created new transaction
INFO: 2023/07/22 22:31:12 transactions.go:167: Created new transaction
INFO: 2023/07/22 22:31:12 transactions.go:167: Created new transaction
INFO: 2023/07/22 22:31:12 transactions.go:167: Created new transaction
INFO: 2023/07/22 22:31:12 transactions.go:167: Created new transaction
INFO: 2023/07/22 22:31:12 transactions.go:167: Created new transaction
INFO: 2023/07/22 22:31:12 transactions.go:167: Created new transaction
INFO: 2023/07/22 22:31:12 transactions.go:167: Created new transaction
INFO: 2023/07/22 22:31:12 transactions.go:167: Created new transaction
INFO: 2023/07/22 22:31:12 transactions.go:167: Created new transaction
INFO: 2023/07/22 22:31:12 transactions.go:167: Created new transaction
INFO: 2023/07/22 22:31:12 transactions.go:167: Created new transaction
INFO: 2023/07/22 22:31:12 transactions.go:167: Created new transaction
INFO: 2023/07/22 22:31:12 transactions.go:167: Created new transaction
INFO: 2023/07/22 22:31:12 transactions.go:167: Created new transaction
INFO: 2023/07/22 22:31:12 transactions.go:167: Created new transaction
INFO: 2023/07/22 22:31:12 transactions.go:167: Created new transaction
INFO: 2023/07/22 22:31:12 transactions.go:167: Created new transaction
INFO: 2023/07/22 22:31:12 transactions.go:167: Created new transaction
INFO: 2023/07/22 22:31:12 transactions.go:167: Created new transaction
INFO: 2023/07/22 22:31:12 transactions.go:167: Created new transaction
INFO: 2023/07/22 22:31:12 transactions.go:167: Created new transaction
INFO: 2023/07/22 22:31:12 transactions.go:167: Created new transaction
INFO: 2023/07/22 22:31:12 transactions.go:167: Created new transaction
INFO: 2023/07/22 22:31:12 transactions.go:167: Created new transaction
INFO: 2023/07/22 22:31:12 transactions.go:167: Created new transaction
INFO: 2023/07/22 22:31:12 transactions.go:167: Created new transaction
INFO: 2023/07/22 22:31:12 transactions.go:167: Created new transaction
INFO: 2023/07/22 22:31:12 transactions.go:167: Created new transaction
INFO: 2023/07/22 22:31:12 transactions.go:167: Created new transaction
INFO: 2023/07/22 22:31:12 transactions.go:167: Created new transaction
INFO: 2023/07/22 22:31:12 transactions.go:167: Created new transaction
INFO: 2023/07/22 22:31:12 transactions.go:167: Created new transaction
INFO: 2023/07/22 22:31:12 transactions.go:167: Created new transaction
INFO: 2023/07/22 22:31:12 transactions.go:167: Created new transaction
INFO: 2023/07/22 22:31:12 transactions.go:167: Created new transaction
INFO: 2023/07/22 22:31:12 transactions.go:167: Created new transaction
INFO: 2023/07/22 22:31:12 transactions.go:167: Created new transaction
INFO: 2023/07/22 22:31:12 transactions.go:167: Created new transaction
INFO: 2023/07/22 22:31:12 transactions.go:167: Created new transaction
INFO: 2023/07/22 22:31:12 transactions.go:167: Created new transaction
INFO: 2023/07/22 22:31:12 transactions.go:167: Created new transaction
INFO: 2023/07/22 22:31:12 transactions.go:167: Created new transaction
INFO: 2023/07/22 22:31:12 transactions.go:167: Created new transaction
INFO: 2023/07/22 22:31:12 transactions.go:167: Created new transaction
INFO: 2023/07/22 22:31:12 transactions.go:167: Created new transaction
INFO: 2023/07/22 22:31:12 transactions.go:167: Created new transaction
INFO: 2023/07/22 22:31:12 transactions.go:167: Created new transaction
INFO: 2023/07/22 22:31:12 transactions.go:167: Created new transaction
INFO: 2023/07/22 22:31:12 transactions.go:167: Created new transaction
INFO: 2023/07/22 22:31:12 transactions.go:167: Created new transaction
INFO: 2023/07/22 22:31:12 transactions.go:167: Created new transaction
INFO: 2023/07/22 22:31:12 transactions.go:167: Created new transaction
INFO: 2023/07/22 22:31:12 transactions.go:167: Created new transaction
INFO: 2023/07/22 22:31:12 transactions.go:167: Created new transaction
INFO: 2023/07/22 22:31:12 transactions.go:167: Created new transaction
INFO: 2023/07/22 22:31:12 transactions.go:167: Created new transaction
INFO: 2023/07/22 22:31:12 transactions.go:167: Created new transaction
INFO: 2023/07/22 22:31:12 transactions.go:167: Created new transaction
INFO: 2023/07/22 22:31:12 transactions.go:167: Created new transaction
INFO: 2023/07/22 22:31:12 transactions.go:167: Created new transaction
INFO: 2023/07/22 22:31:12 transactions.go:167: Created new transaction
INFO: 2023/07/22 22:31:12 transactions.go:167: Created new transaction
INFO: 2023/07/22 22:31:12 transactions.go:167: Created new transaction
INFO: 2023/07/22 22:31:12 transactions.go:167: Created new transaction
INFO: 2023/07/22 22:31:12 transactions.go:167: Created new transaction
INFO: 2023/07/22 22:31:12 transactions.go:167: Created new transaction
INFO: 2023/07/22 22:31:12 transactions.go:167: Created new transaction
INFO: 2023/07/22 22:31:12 transactions.go:167: Created new transaction
INFO: 2023/07/22 22:31:12 transactions.go:167: Created new transaction
INFO: 2023/07/22 22:31:12 transactions.go:167: Created new transaction
INFO: 2023/07/22 22:31:12 transactions.go:167: Created new transaction
INFO: 2023/07/22 22:31:12 transactions.go:167: Created new transaction
INFO: 2023/07/22 22:31:12 transactions.go:167: Created new transaction
INFO: 2023/07/22 22:31:12 transactions.go:167: Created new transaction
INFO: 2023/07/22 22:31:12 transactions.go:167: Created new transaction
INFO: 2023/07/22 22:31:12 transactions.go:167: Created new transaction
INFO: 2023/07/22 22:31:12 transactions.go:167: Created new transaction
INFO: 2023/07/22 22:31:12 transactions.go:167: Created new transaction
INFO: 2023/07/22 22:31:12 transactions.go:167: Created new transaction
INFO: 2023/07/22 22:31:12 transactions.go:167: Created new transaction
INFO: 2023/07/22 22:31:12 transactions.go:167: Created new transaction
INFO: 2023/07/22 22:31:12 transactions.go:167: Created new transaction
INFO: 2023/07/22 22:31:12 transactions.go:167: Created new transaction
INFO: 2023/07/22 22:31:12 transactions.go:167: Created new transaction
INFO: 2023/07/22 22:31:12 transactions.go:167: Created new transaction
INFO: 2023/07/22 22:31:12 transactions.go:167: Created new transaction
INFO: 2023/07/22 22:31:12 transactions.go:167: Created new transaction
INFO: 2023/07/22 22:31:12 transactions.go:167: Created new transaction
INFO: 2023/07/22 22:31:12 transactions.go:167: Created new transaction
INFO: 2023/07/22 22:31:12 transactions.go:167: Created new transaction
INFO: 2023/07/22 22:31:12 transactions.go:167: Created new transaction
INFO: 2023/07/22 22:31:12 transactions.go:167: Created new transaction
INFO: 2023/07/22 22:31:12 transactions.go:167: Created new transaction
INFO: 2023/07/22 22:31:12 transactions.go:167: Created new transaction
INFO: 2023/07/22 22:31:12 transactions.go:167: Created new transaction
INFO: 2023/07/22 22:31:12 transactions.go:167: Created new transaction
INFO: 2023/07/22 22:31:12 transactions.go:167: Created new transaction
INFO: 2023/07/22 22:31:12 transactions.go:167: Created new transaction
INFO: 2023/07/22 22:31:12 transactions.go:167: Created new transaction
INFO: 2023/07/22 22:31:12 transactions.go:167: Created new transaction
INFO: 2023/07/22 22:31:12 transactions.go:167: Created new transaction
INFO: 2023/07/22 22:31:12 transactions.go:167: Created new transaction
INFO: 2023/07/22 22:31:12 transactions.go:167: Created new transaction
INFO: 2023/07/22 22:31:12 transactions.go:167: Created new transaction
INFO: 2023/07/22 22:31:12 transactions.go:167: Created new transaction
INFO: 2023/07/22 22:31:12 transactions.go:167: Created new transaction
INFO: 2023/07/22 22:31:12 transactions.go:167: Created new transaction
INFO: 2023/07/22 22:31:12 transactions.go:167: Created new transaction
INFO: 2023/07/22 22:31:12 transactions.go:167: Created new transaction
INFO: 2023/07/22 22:31:12 transactions.go:167: Created new transaction
INFO: 2023/07/22 22:31:12 transactions.go:167: Created new transaction
INFO: 2023/07/22 22:31:12 transactions.go:167: Created new transaction
INFO: 2023/07/22 22:31:12 transactions.go:167: Created new transaction
INFO: 2023/07/22 22:31:12 transactions.go:167: Created new transaction
INFO: 2023/07/22 22:31:12 transactions.go:167: Created new transaction
INFO: 2023/07/22 22:31:12 transactions.go:167: Created new transaction
INFO: 2023/07/22 22:31:12 transactions.go:167: Created new transaction
INFO: 2023/07/22 22:31:12 transactions.go:167: Created new transaction
INFO: 2023/07/23 18:11:26 connection.go:36: database connected
INFO: 2023/07/23 18:11:26 main.go:11: Starting the application...
INFO: 2023/07/23 18:12:54 service-ether.go:59: Getting all transactions...
ERROR: 2023/07/23 18:12:54 repo-ether.go:98: sql: Scan error on column index 0, name "transactionhash": destination not a pointer
ERROR: 2023/07/23 18:12:54 util.go:14: sql: Scan error on column index 0, name "transactionhash": destination not a pointer
INFO: 2023/07/23 18:16:28 connection.go:36: database connected
INFO: 2023/07/23 18:16:28 main.go:11: Starting the application...
INFO: 2023/07/23 18:16:40 service-ether.go:59: Getting all transactions...
INFO: 2023/07/23 18:17:09 connection.go:36: database connected
INFO: 2023/07/23 18:17:09 main.go:11: Starting the application...
INFO: 2023/07/23 18:28:43 connection.go:36: database connected
INFO: 2023/07/23 18:28:43 main.go:11: Starting the application...
INFO: 2023/07/23 18:28:51 service-ether.go:59: Getting all transactions...
INFO: 2023/07/23 18:28:51 repo-ether.go:106: Got all transactions
INFO: 2023/07/23 18:28:51 service-ether.go:66: Got all transactions
INFO: 2023/07/23 19:32:52 connection.go:36: database connected
INFO: 2023/07/23 19:32:52 main.go:11: Starting the application...
INFO: 2023/07/23 19:35:35 connection.go:36: database connected
INFO: 2023/07/23 19:35:35 main.go:11: Starting the application...
INFO: 2023/07/23 19:36:05 connection.go:36: database connected
INFO: 2023/07/23 19:36:05 main.go:11: Starting the application...
INFO: 2023/07/23 20:16:52 connection.go:36: database connected
INFO: 2023/07/23 20:16:52 main.go:11: Starting the application...
INFO: 2023/07/23 20:21:20 service-ether.go:59: Getting all transactions...
INFO: 2023/07/23 20:21:20 repo-ether.go:114: Got all transactions
INFO: 2023/07/23 20:21:20 service-ether.go:66: Got all transactions
INFO: 2023/07/23 20:21:50 connection.go:36: database connected
INFO: 2023/07/23 20:21:50 main.go:11: Starting the application...
INFO: 2023/07/23 20:28:26 connection.go:36: database connected
INFO: 2023/07/23 20:28:26 main.go:11: Starting the application...
INFO: 2023/07/23 20:28:37 service-ether.go:41: Getting transactions by rlphex...
INFO: 2023/07/23 20:28:37 service-ether.go:55: Got transactions by rlphex
INFO: 2023/07/23 20:34:02 connection.go:36: database connected
INFO: 2023/07/23 20:34:02 main.go:11: Starting the application...
INFO: 2023/07/23 20:34:54 connection.go:36: database connected
INFO: 2023/07/23 20:34:54 main.go:11: Starting the application...
INFO: 2023/07/23 20:35:02 service-ether.go:39: Getting transactions by rlphex...
INFO: 2023/07/23 20:35:02 service-ether.go:52: Got transactions by rlphex
INFO: 2023/07/23 22:11:48 connection.go:36: database connected
INFO: 2023/07/23 22:11:48 main.go:11: Starting the application...
INFO: 2023/07/23 22:11:55 service-ether.go:39: Getting transactions by rlphex...
INFO: 2023/07/23 22:11:55 service-ether.go:52: Got transactions by rlphex
INFO: 2023/07/23 22:13:44 connection.go:36: database connected
INFO: 2023/07/23 22:13:44 main.go:11: Starting the application...
INFO: 2023/07/23 22:13:50 service-ether.go:39: Getting transactions by rlphex...
INFO: 2023/07/23 22:13:50 service-ether.go:52: Got transactions by rlphex
ERROR: 2023/07/23 22:51:04 connection.go:26: strconv.Atoi: parsing "": invalid syntax
ERROR: 2023/07/23 22:51:04 connection.go:59: strconv.Atoi: parsing "": invalid syntax
INFO: 2023/07/23 22:51:04 main.go:11: Starting the application...
ERROR: 2023/07/23 22:51:56 connection.go:39: dial tcp: lookup port=%!d(string=): no such host
ERROR: 2023/07/23 22:51:56 connection.go:54: dial tcp: lookup port=%!d(string=): no such host
INFO: 2023/07/23 22:51:56 main.go:11: Starting the application...
ERROR: 2023/07/23 22:52:34 connection.go:40: dial tcp: lookup port=%!d(string=): no such host
ERROR: 2023/07/23 22:52:34 connection.go:55: dial tcp: lookup port=%!d(string=): no such host
INFO: 2023/07/23 22:52:34 main.go:11: Starting the application...
ERROR: 2023/07/23 22:57:47 connection.go:47: dial tcp: lookup tcp/%!d(string=5434): nodename nor servname provided, or not known
ERROR: 2023/07/23 22:57:47 connection.go:62: dial tcp: lookup tcp/%!d(string=5434): nodename nor servname provided, or not known
INFO: 2023/07/23 22:57:47 main.go:11: Starting the application...
INFO: 2023/07/23 22:58:44 connection.go:57: database connected
INFO: 2023/07/23 22:58:44 main.go:11: Starting the application...
INFO: 2023/07/23 23:00:42 connection.go:53: database connected
INFO: 2023/07/23 23:00:42 main.go:11: Starting the application...
INFO: 2023/07/23 23:00:51 service-ether.go:39: Getting transactions by rlphex...
INFO: 2023/07/23 23:00:59 service-ether.go:56: Getting all transactions...
INFO: 2023/07/23 23:00:59 repo-ether.go:124: Got all transactions
INFO: 2023/07/23 23:00:59 service-ether.go:63: Got all transactions
INFO: 2023/07/23 23:19:00 service-ether.go:56: Getting all transactions...
INFO: 2023/07/23 23:19:00 repo-ether.go:124: Got all transactions
INFO: 2023/07/23 23:19:00 service-ether.go:63: Got all transactions
INFO: 2023/07/23 23:19:16 connection.go:53: database connected
INFO: 2023/07/23 23:19:16 main.go:11: Starting the application...
INFO: 2023/07/23 23:19:28 service-ether.go:56: Getting all transactions...
INFO: 2023/07/23 23:19:28 repo-ether.go:124: Got all transactions
INFO: 2023/07/23 23:19:28 service-ether.go:63: Got all transactions
INFO: 2023/07/24 00:17:18 connection.go:53: database connected
INFO: 2023/07/24 00:17:18 main.go:11: Starting the application...
INFO: 2023/07/24 00:18:12 service-ether.go:39: Getting transactions by rlphex...
INFO: 2023/07/24 00:18:33 connection.go:53: database connected
INFO: 2023/07/24 00:18:33 main.go:11: Starting the application...
INFO: 2023/07/24 00:18:40 service-ether.go:39: Getting transactions by rlphex...
INFO: 2023/07/24 00:23:06 connection.go:53: database connected
INFO: 2023/07/24 00:23:06 main.go:11: Starting the application...
INFO: 2023/07/24 00:23:15 service-ether.go:40: Getting transactions by rlphex...
INFO: 2023/07/24 00:24:02 connection.go:53: database connected
INFO: 2023/07/24 00:24:02 main.go:11: Starting the application...
INFO: 2023/07/24 00:24:08 service-ether.go:40: Getting transactions by rlphex...
INFO: 2023/07/24 00:48:41 connection.go:53: database connected
INFO: 2023/07/24 00:48:41 main.go:11: Starting the application...
INFO: 2023/07/24 00:48:49 service-ether.go:40: Getting transactions by rlphex...
INFO: 2023/07/24 01:02:28 connection.go:53: database connected
INFO: 2023/07/24 01:02:28 main.go:12: Starting the application...
INFO: 2023/07/24 01:02:28 transactions.go:23: Starting the application...
INFO: 2023/07/24 01:05:31 connection.go:53: database connected
INFO: 2023/07/24 01:05:31 main.go:12: Starting the application...
INFO: 2023/07/24 01:05:31 transactions.go:22: Starting the application...
ERROR: 2023/07/24 01:05:32 transactions.go:37: invalid sender
INFO: 2023/07/24 01:06:18 service-ether.go:59: Getting all transactions...
INFO: 2023/07/24 01:06:18 repo-ether.go:88: Got all transactions
INFO: 2023/07/24 01:06:18 service-ether.go:66: Got all transactions
INFO: 2023/07/24 01:10:22 service-ether.go:40: Getting transactions by rlphex...
INFO: 2023/07/24 02:53:02 connection.go:45: database connected
INFO: 2023/07/24 02:53:02 main.go:11: Starting the application...
INFO: 2023/07/24 02:53:13 service-ether.go:40: Getting transactions by rlphex...
INFO: 2023/07/24 02:53:14 service-ether.go:55: Got transactions by rlphex
INFO: 2023/07/24 02:54:37 service-ether.go:40: Getting transactions by rlphex...
INFO: 2023/07/24 02:54:38 service-ether.go:55: Got transactions by rlphex
INFO: 2023/07/24 03:13:46 connection.go:45: database connected
INFO: 2023/07/24 03:13:46 main.go:11: Starting the application...
INFO: 2023/07/24 03:13:56 service-ether.go:40: Getting transactions by rlphex...
INFO: 2023/07/24 03:13:57 repo-ether.go:89: Got transactions by RLT
INFO: 2023/07/24 03:13:57 service-ether.go:55: Got transactions by rlphex
INFO: 2023/07/24 03:47:12 connection.go:41: database connected
INFO: 2023/07/24 03:47:12 main.go:11: Starting the application...
INFO: 2023/07/24 03:47:38 service-ether.go:28: Getting all transactions...
INFO: 2023/07/24 03:47:38 repo-ether.go:97: Got all transactions
INFO: 2023/07/24 03:47:38 service-ether.go:35: Got all transactions
INFO: 2023/07/24 03:47:44 service-ether.go:11: Getting transactions by rlphex...
INFO: 2023/07/24 03:47:45 repo-ether.go:69: Got transactions by RLT
INFO: 2023/07/24 03:47:45 service-ether.go:24: Got transactions by rlphex
INFO: 2023/07/24 10:49:22 connection.go:41: database connected
INFO: 2023/07/24 10:49:22 main.go:12: Starting the application...
INFO: 2023/07/24 10:49:22 transactions.go:17: Starting the application...
INFO: 2023/07/24 10:50:03 transactions.go:69: Creating new transactions...
INFO: 2023/07/24 10:50:03 transactions.go:80: Created new transaction
INFO: 2023/07/24 10:50:03 transactions.go:80: Created new transaction
INFO: 2023/07/24 10:50:03 transactions.go:80: Created new transaction
INFO: 2023/07/24 10:50:03 transactions.go:80: Created new transaction
INFO: 2023/07/24 10:50:03 transactions.go:80: Created new transaction
INFO: 2023/07/24 10:50:03 transactions.go:80: Created new transaction
INFO: 2023/07/24 10:50:03 transactions.go:80: Created new transaction
INFO: 2023/07/24 10:50:03 transactions.go:80: Created new transaction
INFO: 2023/07/24 10:50:03 transactions.go:80: Created new transaction
INFO: 2023/07/24 10:50:03 transactions.go:80: Created new transaction
INFO: 2023/07/24 10:50:03 transactions.go:80: Created new transaction
INFO: 2023/07/24 10:50:03 transactions.go:80: Created new transaction
INFO: 2023/07/24 10:50:03 transactions.go:80: Created new transaction
INFO: 2023/07/24 10:50:03 transactions.go:80: Created new transaction
INFO: 2023/07/24 10:50:03 transactions.go:80: Created new transaction
INFO: 2023/07/24 10:50:03 transactions.go:80: Created new transaction
INFO: 2023/07/24 10:50:03 transactions.go:80: Created new transaction
INFO: 2023/07/24 10:50:03 transactions.go:80: Created new transaction
INFO: 2023/07/24 10:50:03 transactions.go:80: Created new transaction
INFO: 2023/07/24 10:50:04 transactions.go:80: Created new transaction
INFO: 2023/07/24 10:50:04 transactions.go:80: Created new transaction
INFO: 2023/07/24 10:50:04 transactions.go:80: Created new transaction
INFO: 2023/07/24 10:50:04 transactions.go:80: Created new transaction
INFO: 2023/07/24 10:50:04 transactions.go:80: Created new transaction
INFO: 2023/07/24 10:50:04 transactions.go:80: Created new transaction
INFO: 2023/07/24 10:50:04 transactions.go:80: Created new transaction
INFO: 2023/07/24 10:50:04 transactions.go:80: Created new transaction
INFO: 2023/07/24 10:50:04 transactions.go:80: Created new transaction
INFO: 2023/07/24 10:50:04 transactions.go:80: Created new transaction
INFO: 2023/07/24 10:50:04 transactions.go:80: Created new transaction
INFO: 2023/07/24 10:50:04 transactions.go:80: Created new transaction
INFO: 2023/07/24 10:50:04 transactions.go:80: Created new transaction
INFO: 2023/07/24 10:50:04 transactions.go:80: Created new transaction
INFO: 2023/07/24 10:50:04 transactions.go:80: Created new transaction
INFO: 2023/07/24 10:50:04 transactions.go:80: Created new transaction
INFO: 2023/07/24 10:50:04 transactions.go:80: Created new transaction
INFO: 2023/07/24 10:50:04 transactions.go:80: Created new transaction
INFO: 2023/07/24 10:50:04 transactions.go:80: Created new transaction
INFO: 2023/07/24 10:50:04 transactions.go:80: Created new transaction
INFO: 2023/07/24 10:50:04 transactions.go:80: Created new transaction
INFO: 2023/07/24 10:50:04 transactions.go:80: Created new transaction
INFO: 2023/07/24 10:50:04 transactions.go:80: Created new transaction
INFO: 2023/07/24 10:50:04 transactions.go:80: Created new transaction
INFO: 2023/07/24 10:50:04 transactions.go:80: Created new transaction
INFO: 2023/07/24 10:50:04 transactions.go:80: Created new transaction
INFO: 2023/07/24 10:50:04 transactions.go:80: Created new transaction
INFO: 2023/07/24 10:50:04 transactions.go:80: Created new transaction
INFO: 2023/07/24 10:50:04 transactions.go:80: Created new transaction
INFO: 2023/07/24 10:50:04 transactions.go:80: Created new transaction
INFO: 2023/07/24 10:50:04 transactions.go:80: Created new transaction
INFO: 2023/07/24 10:50:04 transactions.go:80: Created new transaction
INFO: 2023/07/24 10:50:04 transactions.go:80: Created new transaction
INFO: 2023/07/24 10:50:04 transactions.go:80: Created new transaction
INFO: 2023/07/24 10:50:04 transactions.go:80: Created new transaction
INFO: 2023/07/24 10:50:04 transactions.go:80: Created new transaction
INFO: 2023/07/24 10:50:04 transactions.go:80: Created new transaction
INFO: 2023/07/24 10:50:04 transactions.go:80: Created new transaction
INFO: 2023/07/24 10:50:04 transactions.go:80: Created new transaction
INFO: 2023/07/24 10:50:04 transactions.go:80: Created new transaction
INFO: 2023/07/24 10:50:04 transactions.go:80: Created new transaction
INFO: 2023/07/24 10:50:04 transactions.go:80: Created new transaction
INFO: 2023/07/24 10:50:04 transactions.go:80: Created new transaction
INFO: 2023/07/24 10:50:04 transactions.go:80: Created new transaction
INFO: 2023/07/24 10:50:04 transactions.go:80: Created new transaction
INFO: 2023/07/24 10:50:04 transactions.go:80: Created new transaction
INFO: 2023/07/24 10:50:04 transactions.go:80: Created new transaction
INFO: 2023/07/24 10:50:04 transactions.go:80: Created new transaction
INFO: 2023/07/24 10:50:04 transactions.go:80: Created new transaction
INFO: 2023/07/24 10:50:04 transactions.go:80: Created new transaction
INFO: 2023/07/24 10:50:04 transactions.go:80: Created new transaction
INFO: 2023/07/24 10:50:04 transactions.go:80: Created new transaction
INFO: 2023/07/24 10:50:04 transactions.go:80: Created new transaction
INFO: 2023/07/24 10:50:04 transactions.go:80: Created new transaction
INFO: 2023/07/24 10:50:04 transactions.go:80: Created new transaction
INFO: 2023/07/24 10:50:04 transactions.go:80: Created new transaction
INFO: 2023/07/24 10:50:04 transactions.go:80: Created new transaction
INFO: 2023/07/24 10:50:04 transactions.go:80: Created new transaction
INFO: 2023/07/24 10:50:04 transactions.go:80: Created new transaction
INFO: 2023/07/24 10:50:04 transactions.go:80: Created new transaction
INFO: 2023/07/24 10:50:04 transactions.go:80: Created new transaction
INFO: 2023/07/24 10:50:04 transactions.go:80: Created new transaction
INFO: 2023/07/24 10:50:04 transactions.go:80: Created new transaction
INFO: 2023/07/24 10:50:04 transactions.go:80: Created new transaction
INFO: 2023/07/24 10:50:04 transactions.go:80: Created new transaction
INFO: 2023/07/24 10:50:04 transactions.go:80: Created new transaction
INFO: 2023/07/24 10:50:04 transactions.go:80: Created new transaction
INFO: 2023/07/24 10:50:04 transactions.go:80: Created new transaction
INFO: 2023/07/24 10:50:04 transactions.go:80: Created new transaction
INFO: 2023/07/24 10:50:04 transactions.go:80: Created new transaction
INFO: 2023/07/24 10:50:04 transactions.go:80: Created new transaction
INFO: 2023/07/24 10:50:04 transactions.go:80: Created new transaction
INFO: 2023/07/24 10:50:04 transactions.go:80: Created new transaction
INFO: 2023/07/24 10:50:04 transactions.go:80: Created new transaction
INFO: 2023/07/24 10:50:04 transactions.go:80: Created new transaction
INFO: 2023/07/24 10:50:04 transactions.go:80: Created new transaction
INFO: 2023/07/24 10:50:04 transactions.go:80: Created new transaction
INFO: 2023/07/24 10:50:04 transactions.go:80: Created new transaction
INFO: 2023/07/24 10:50:04 transactions.go:80: Created new transaction
INFO: 2023/07/24 10:50:04 transactions.go:80: Created new transaction
INFO: 2023/07/24 10:50:04 transactions.go:80: Created new transaction
INFO: 2023/07/24 10:50:04 transactions.go:80: Created new transaction
INFO: 2023/07/24 10:50:04 transactions.go:80: Created new transaction
INFO: 2023/07/24 10:50:04 transactions.go:80: Created new transaction
INFO: 2023/07/24 10:50:04 transactions.go:80: Created new transaction
INFO: 2023/07/24 10:50:04 transactions.go:80: Created new transaction
INFO: 2023/07/24 10:50:04 transactions.go:80: Created new transaction
INFO: 2023/07/24 10:50:04 transactions.go:80: Created new transaction
INFO: 2023/07/24 10:50:04 transactions.go:80: Created new transaction
INFO: 2023/07/24 10:50:04 transactions.go:80: Created new transaction
INFO: 2023/07/24 10:50:04 transactions.go:80: Created new transaction
INFO: 2023/07/24 10:50:04 transactions.go:80: Created new transaction
INFO: 2023/07/24 10:50:04 transactions.go:80: Created new transaction
INFO: 2023/07/24 10:50:04 transactions.go:80: Created new transaction
INFO: 2023/07/24 10:50:04 transactions.go:80: Created new transaction
INFO: 2023/07/24 10:50:04 transactions.go:80: Created new transaction
INFO: 2023/07/24 10:50:04 transactions.go:80: Created new transaction
INFO: 2023/07/24 10:50:04 transactions.go:80: Created new transaction
INFO: 2023/07/24 10:50:04 transactions.go:80: Created new transaction
INFO: 2023/07/24 10:50:04 transactions.go:80: Created new transaction
INFO: 2023/07/24 10:50:04 transactions.go:80: Created new transaction
INFO: 2023/07/24 10:50:04 transactions.go:80: Created new transaction
INFO: 2023/07/24 10:50:04 transactions.go:80: Created new transaction
INFO: 2023/07/24 10:50:04 transactions.go:80: Created new transaction
INFO: 2023/07/24 10:50:04 transactions.go:80: Created new transaction
INFO: 2023/07/24 10:50:04 transactions.go:80: Created new transaction
INFO: 2023/07/24 10:50:04 transactions.go:80: Created new transaction
INFO: 2023/07/24 10:50:04 transactions.go:80: Created new transaction
INFO: 2023/07/24 10:50:04 transactions.go:80: Created new transaction
INFO: 2023/07/24 10:50:04 transactions.go:80: Created new transaction
INFO: 2023/07/24 10:50:04 transactions.go:80: Created new transaction
INFO: 2023/07/24 10:50:04 transactions.go:80: Created new transaction
INFO: 2023/07/24 10:50:04 transactions.go:80: Created new transaction
INFO: 2023/07/24 10:50:04 transactions.go:80: Created new transaction
INFO: 2023/07/24 10:50:04 transactions.go:80: Created new transaction
INFO: 2023/07/24 10:50:12 service-ether.go:28: Getting all transactions...
INFO: 2023/07/24 10:50:12 repo-ether.go:97: Got all transactions
INFO: 2023/07/24 10:50:12 service-ether.go:35: Got all transactions
INFO: 2023/07/24 11:12:56 connection.go:41: database connected
INFO: 2023/07/24 11:12:56 main.go:12: Starting the application...
INFO: 2023/07/24 11:12:56 transactions.go:17: Starting the application...
INFO: 2023/07/24 11:13:34 transactions.go:69: Creating new transactions...
INFO: 2023/07/24 11:13:34 transactions.go:80: Created new transaction
INFO: 2023/07/24 11:13:34 transactions.go:80: Created new transaction
INFO: 2023/07/24 11:13:34 transactions.go:80: Created new transaction
INFO: 2023/07/24 11:13:34 transactions.go:80: Created new transaction
INFO: 2023/07/24 11:13:34 transactions.go:80: Created new transaction
INFO: 2023/07/24 11:13:34 transactions.go:80: Created new transaction
INFO: 2023/07/24 11:13:34 transactions.go:80: Created new transaction
INFO: 2023/07/24 11:13:34 transactions.go:80: Created new transaction
INFO: 2023/07/24 11:13:34 transactions.go:80: Created new transaction
INFO: 2023/07/24 11:13:34 transactions.go:80: Created new transaction
INFO: 2023/07/24 11:13:34 transactions.go:80: Created new transaction
INFO: 2023/07/24 11:13:34 transactions.go:80: Created new transaction
INFO: 2023/07/24 11:13:34 transactions.go:80: Created new transaction
INFO: 2023/07/24 11:13:34 transactions.go:80: Created new transaction
INFO: 2023/07/24 11:13:34 transactions.go:80: Created new transaction
INFO: 2023/07/24 11:13:34 transactions.go:80: Created new transaction
INFO: 2023/07/24 11:13:34 transactions.go:80: Created new transaction
INFO: 2023/07/24 11:13:34 transactions.go:80: Created new transaction
INFO: 2023/07/24 11:13:34 transactions.go:80: Created new transaction
INFO: 2023/07/24 11:13:34 transactions.go:80: Created new transaction
INFO: 2023/07/24 11:13:34 transactions.go:80: Created new transaction
INFO: 2023/07/24 11:13:34 transactions.go:80: Created new transaction
INFO: 2023/07/24 11:13:34 transactions.go:80: Created new transaction
INFO: 2023/07/24 11:13:34 transactions.go:80: Created new transaction
INFO: 2023/07/24 11:13:34 transactions.go:80: Created new transaction
INFO: 2023/07/24 11:13:34 transactions.go:80: Created new transaction
INFO: 2023/07/24 11:13:34 transactions.go:80: Created new transaction
INFO: 2023/07/24 11:13:34 transactions.go:80: Created new transaction
INFO: 2023/07/24 11:13:34 transactions.go:80: Created new transaction
INFO: 2023/07/24 11:13:34 transactions.go:80: Created new transaction
INFO: 2023/07/24 11:13:34 transactions.go:80: Created new transaction
INFO: 2023/07/24 11:13:34 transactions.go:80: Created new transaction
INFO: 2023/07/24 11:13:34 transactions.go:80: Created new transaction
INFO: 2023/07/24 11:13:34 transactions.go:80: Created new transaction
INFO: 2023/07/24 11:13:34 transactions.go:80: Created new transaction
INFO: 2023/07/24 11:13:34 transactions.go:80: Created new transaction
INFO: 2023/07/24 11:13:34 transactions.go:80: Created new transaction
INFO: 2023/07/24 11:13:34 transactions.go:80: Created new transaction
INFO: 2023/07/24 11:13:34 transactions.go:80: Created new transaction
INFO: 2023/07/24 11:13:34 transactions.go:80: Created new transaction
INFO: 2023/07/24 11:13:34 transactions.go:80: Created new transaction
INFO: 2023/07/24 11:13:34 transactions.go:80: Created new transaction
INFO: 2023/07/24 11:13:34 transactions.go:80: Created new transaction
INFO: 2023/07/24 11:13:34 transactions.go:80: Created new transaction
INFO: 2023/07/24 11:13:34 transactions.go:80: Created new transaction
INFO: 2023/07/24 11:13:34 transactions.go:80: Created new transaction
INFO: 2023/07/24 11:13:34 transactions.go:80: Created new transaction
INFO: 2023/07/24 11:13:34 transactions.go:80: Created new transaction
INFO: 2023/07/24 11:13:34 transactions.go:80: Created new transaction
INFO: 2023/07/24 11:13:34 transactions.go:80: Created new transaction
INFO: 2023/07/24 11:13:34 transactions.go:80: Created new transaction
INFO: 2023/07/24 11:13:34 transactions.go:80: Created new transaction
INFO: 2023/07/24 11:13:34 transactions.go:80: Created new transaction
INFO: 2023/07/24 11:13:34 transactions.go:80: Created new transaction
INFO: 2023/07/24 11:13:34 transactions.go:80: Created new transaction
INFO: 2023/07/24 11:13:34 transactions.go:80: Created new transaction
INFO: 2023/07/24 11:13:34 transactions.go:80: Created new transaction
INFO: 2023/07/24 11:13:34 transactions.go:80: Created new transaction
INFO: 2023/07/24 11:13:34 transactions.go:80: Created new transaction
INFO: 2023/07/24 11:13:34 transactions.go:80: Created new transaction
INFO: 2023/07/24 11:13:34 transactions.go:80: Created new transaction
INFO: 2023/07/24 11:13:34 transactions.go:80: Created new transaction
INFO: 2023/07/24 11:13:34 transactions.go:80: Created new transaction
INFO: 2023/07/24 11:13:34 transactions.go:80: Created new transaction
INFO: 2023/07/24 11:13:34 transactions.go:80: Created new transaction
INFO: 2023/07/24 11:13:34 transactions.go:80: Created new transaction
INFO: 2023/07/24 11:13:34 transactions.go:80: Created new transaction
INFO: 2023/07/24 11:13:34 transactions.go:80: Created new transaction
INFO: 2023/07/24 11:13:34 transactions.go:80: Created new transaction
INFO: 2023/07/24 11:13:34 transactions.go:80: Created new transaction
INFO: 2023/07/24 11:13:34 transactions.go:80: Created new transaction
INFO: 2023/07/24 11:13:34 transactions.go:80: Created new transaction
INFO: 2023/07/24 11:13:34 transactions.go:80: Created new transaction
INFO: 2023/07/24 11:13:34 transactions.go:80: Created new transaction
INFO: 2023/07/24 11:13:34 transactions.go:80: Created new transaction
INFO: 2023/07/24 11:13:34 transactions.go:80: Created new transaction
INFO: 2023/07/24 11:13:34 transactions.go:80: Created new transaction
INFO: 2023/07/24 11:13:34 transactions.go:80: Created new transaction
INFO: 2023/07/24 11:13:34 transactions.go:80: Created new transaction
INFO: 2023/07/24 11:13:34 transactions.go:80: Created new transaction
INFO: 2023/07/24 11:13:34 transactions.go:80: Created new transaction
INFO: 2023/07/24 11:13:34 transactions.go:80: Created new transaction
INFO: 2023/07/24 11:13:34 transactions.go:80: Created new transaction
INFO: 2023/07/24 11:13:34 transactions.go:80: Created new transaction
INFO: 2023/07/24 11:13:34 transactions.go:80: Created new transaction
INFO: 2023/07/24 11:13:34 transactions.go:80: Created new transaction
INFO: 2023/07/24 11:13:34 transactions.go:80: Created new transaction
INFO: 2023/07/24 11:13:34 transactions.go:80: Created new transaction
INFO: 2023/07/24 11:13:34 transactions.go:80: Created new transaction
INFO: 2023/07/24 11:13:34 transactions.go:80: Created new transaction
INFO: 2023/07/24 11:13:34 transactions.go:80: Created new transaction
INFO: 2023/07/24 11:13:34 transactions.go:80: Created new transaction
INFO: 2023/07/24 11:13:34 transactions.go:80: Created new transaction
INFO: 2023/07/24 11:13:34 transactions.go:80: Created new transaction
INFO: 2023/07/24 11:13:34 transactions.go:80: Created new transaction
INFO: 2023/07/24 11:13:34 transactions.go:80: Created new transaction
INFO: 2023/07/24 11:13:34 transactions.go:80: Created new transaction
INFO: 2023/07/24 11:13:34 transactions.go:80: Created new transaction
INFO: 2023/07/24 11:13:34 transactions.go:80: Created new transaction
INFO: 2023/07/24 11:13:34 transactions.go:80: Created new transaction
INFO: 2023/07/24 11:13:34 transactions.go:80: Created new transaction
INFO: 2023/07/24 11:13:34 transactions.go:80: Created new transaction
INFO: 2023/07/24 11:13:34 transactions.go:80: Created new transaction
INFO: 2023/07/24 11:13:34 transactions.go:80: Created new transaction
INFO: 2023/07/24 11:13:34 transactions.go:80: Created new transaction
INFO: 2023/07/24 11:13:34 transactions.go:80: Created new transaction
INFO: 2023/07/24 11:13:34 transactions.go:80: Created new transaction
INFO: 2023/07/24 11:13:34 transactions.go:80: Created new transaction
INFO: 2023/07/24 11:13:34 transactions.go:80: Created new transaction
INFO: 2023/07/24 11:13:34 transactions.go:80: Created new transaction
INFO: 2023/07/24 11:13:34 transactions.go:80: Created new transaction
INFO: 2023/07/24 11:13:34 transactions.go:80: Created new transaction
INFO: 2023/07/24 11:13:34 transactions.go:80: Created new transaction
INFO: 2023/07/24 11:13:34 transactions.go:80: Created new transaction
INFO: 2023/07/24 11:13:34 transactions.go:80: Created new transaction
INFO: 2023/07/24 11:13:34 transactions.go:80: Created new transaction
INFO: 2023/07/24 11:13:34 transactions.go:80: Created new transaction
INFO: 2023/07/24 11:13:38 service-ether.go:28: Getting all transactions...
INFO: 2023/07/24 11:13:38 repo-ether.go:97: Got all transactions
INFO: 2023/07/24 11:13:38 service-ether.go:35: Got all transactions
INFO: 2023/07/24 11:18:52 connection.go:41: database connected
INFO: 2023/07/24 11:18:52 main.go:12: Starting the application...
INFO: 2023/07/24 11:18:52 transactions.go:17: Starting the application...
INFO: 2023/07/24 11:19:34 transactions.go:69: Creating new transactions...
INFO: 2023/07/24 11:19:34 transactions.go:80: Created new transaction
INFO: 2023/07/24 11:19:34 transactions.go:80: Created new transaction
INFO: 2023/07/24 11:19:34 transactions.go:80: Created new transaction
INFO: 2023/07/24 11:19:34 transactions.go:80: Created new transaction
INFO: 2023/07/24 11:19:34 transactions.go:80: Created new transaction
INFO: 2023/07/24 11:19:34 transactions.go:80: Created new transaction
INFO: 2023/07/24 11:19:34 transactions.go:80: Created new transaction
INFO: 2023/07/24 11:19:34 transactions.go:80: Created new transaction
INFO: 2023/07/24 11:19:34 transactions.go:80: Created new transaction
INFO: 2023/07/24 11:19:34 transactions.go:80: Created new transaction
INFO: 2023/07/24 11:19:34 transactions.go:80: Created new transaction
INFO: 2023/07/24 11:19:34 transactions.go:80: Created new transaction
INFO: 2023/07/24 11:19:34 transactions.go:80: Created new transaction
INFO: 2023/07/24 11:19:34 transactions.go:80: Created new transaction
INFO: 2023/07/24 11:19:34 transactions.go:80: Created new transaction
INFO: 2023/07/24 11:19:34 transactions.go:80: Created new transaction
INFO: 2023/07/24 11:19:34 transactions.go:80: Created new transaction
INFO: 2023/07/24 11:19:34 transactions.go:80: Created new transaction
INFO: 2023/07/24 11:19:34 transactions.go:80: Created new transaction
INFO: 2023/07/24 11:19:34 transactions.go:80: Created new transaction
INFO: 2023/07/24 11:19:34 transactions.go:80: Created new transaction
INFO: 2023/07/24 11:19:34 transactions.go:80: Created new transaction
INFO: 2023/07/24 11:19:34 transactions.go:80: Created new transaction
INFO: 2023/07/24 11:19:34 transactions.go:80: Created new transaction
INFO: 2023/07/24 11:19:34 transactions.go:80: Created new transaction
INFO: 2023/07/24 11:19:34 transactions.go:80: Created new transaction
INFO: 2023/07/24 11:19:34 transactions.go:80: Created new transaction
INFO: 2023/07/24 11:19:34 transactions.go:80: Created new transaction
INFO: 2023/07/24 11:19:34 transactions.go:80: Created new transaction
INFO: 2023/07/24 11:19:34 transactions.go:80: Created new transaction
INFO: 2023/07/24 11:19:34 transactions.go:80: Created new transaction
INFO: 2023/07/24 11:19:34 transactions.go:80: Created new transaction
INFO: 2023/07/24 11:19:34 transactions.go:80: Created new transaction
INFO: 2023/07/24 11:19:34 transactions.go:80: Created new transaction
INFO: 2023/07/24 11:19:34 transactions.go:80: Created new transaction
INFO: 2023/07/24 11:19:34 transactions.go:80: Created new transaction
INFO: 2023/07/24 11:19:34 transactions.go:80: Created new transaction
INFO: 2023/07/24 11:19:34 transactions.go:80: Created new transaction
INFO: 2023/07/24 11:19:34 transactions.go:80: Created new transaction
INFO: 2023/07/24 11:19:34 transactions.go:80: Created new transaction
INFO: 2023/07/24 11:19:34 transactions.go:80: Created new transaction
INFO: 2023/07/24 11:19:34 transactions.go:80: Created new transaction
INFO: 2023/07/24 11:19:34 transactions.go:80: Created new transaction
INFO: 2023/07/24 11:19:34 transactions.go:80: Created new transaction
INFO: 2023/07/24 11:19:34 transactions.go:80: Created new transaction
INFO: 2023/07/24 11:19:34 transactions.go:80: Created new transaction
INFO: 2023/07/24 11:19:34 transactions.go:80: Created new transaction
INFO: 2023/07/24 11:19:34 transactions.go:80: Created new transaction
INFO: 2023/07/24 11:19:34 transactions.go:80: Created new transaction
INFO: 2023/07/24 11:19:34 transactions.go:80: Created new transaction
INFO: 2023/07/24 11:19:34 transactions.go:80: Created new transaction
INFO: 2023/07/24 11:19:34 transactions.go:80: Created new transaction
INFO: 2023/07/24 11:19:34 transactions.go:80: Created new transaction
INFO: 2023/07/24 11:19:34 transactions.go:80: Created new transaction
INFO: 2023/07/24 11:19:34 transactions.go:80: Created new transaction
INFO: 2023/07/24 11:19:34 transactions.go:80: Created new transaction
INFO: 2023/07/24 11:19:34 transactions.go:80: Created new transaction
INFO: 2023/07/24 11:19:34 transactions.go:80: Created new transaction
INFO: 2023/07/24 11:19:34 transactions.go:80: Created new transaction
INFO: 2023/07/24 11:19:34 transactions.go:80: Created new transaction
INFO: 2023/07/24 11:19:34 transactions.go:80: Created new transaction
INFO: 2023/07/24 11:19:34 transactions.go:80: Created new transaction
INFO: 2023/07/24 11:19:34 transactions.go:80: Created new transaction
INFO: 2023/07/24 11:19:34 transactions.go:80: Created new transaction
INFO: 2023/07/24 11:19:34 transactions.go:80: Created new transaction
INFO: 2023/07/24 11:19:34 transactions.go:80: Created new transaction
INFO: 2023/07/24 11:19:34 transactions.go:80: Created new transaction
INFO: 2023/07/24 11:19:34 transactions.go:80: Created new transaction
INFO: 2023/07/24 11:19:34 transactions.go:80: Created new transaction
INFO: 2023/07/24 11:19:34 transactions.go:80: Created new transaction
INFO: 2023/07/24 11:19:34 transactions.go:80: Created new transaction
INFO: 2023/07/24 11:19:34 transactions.go:80: Created new transaction
INFO: 2023/07/24 11:19:34 transactions.go:80: Created new transaction
INFO: 2023/07/24 11:19:34 transactions.go:80: Created new transaction
INFO: 2023/07/24 11:19:34 transactions.go:80: Created new transaction
INFO: 2023/07/24 11:19:34 transactions.go:80: Created new transaction
INFO: 2023/07/24 11:19:34 transactions.go:80: Created new transaction
INFO: 2023/07/24 11:19:34 transactions.go:80: Created new transaction
INFO: 2023/07/24 11:19:34 transactions.go:80: Created new transaction
INFO: 2023/07/24 11:19:34 transactions.go:80: Created new transaction
INFO: 2023/07/24 11:19:34 transactions.go:80: Created new transaction
INFO: 2023/07/24 11:19:34 transactions.go:80: Created new transaction
INFO: 2023/07/24 11:19:34 transactions.go:80: Created new transaction
INFO: 2023/07/24 11:19:34 transactions.go:80: Created new transaction
INFO: 2023/07/24 11:19:34 transactions.go:80: Created new transaction
INFO: 2023/07/24 11:19:34 transactions.go:80: Created new transaction
INFO: 2023/07/24 11:19:34 transactions.go:80: Created new transaction
INFO: 2023/07/24 11:19:34 transactions.go:80: Created new transaction
INFO: 2023/07/24 11:19:34 transactions.go:80: Created new transaction
INFO: 2023/07/24 11:19:34 transactions.go:80: Created new transaction
INFO: 2023/07/24 11:19:34 transactions.go:80: Created new transaction
INFO: 2023/07/24 11:19:34 transactions.go:80: Created new transaction
INFO: 2023/07/24 11:19:34 transactions.go:80: Created new transaction
INFO: 2023/07/24 11:19:34 transactions.go:80: Created new transaction
INFO: 2023/07/24 11:19:34 transactions.go:80: Created new transaction
INFO: 2023/07/24 11:19:34 transactions.go:80: Created new transaction
INFO: 2023/07/24 11:19:34 transactions.go:80: Created new transaction
INFO: 2023/07/24 11:19:34 transactions.go:80: Created new transaction
INFO: 2023/07/24 11:19:34 transactions.go:80: Created new transaction
INFO: 2023/07/24 11:19:34 transactions.go:80: Created new transaction
INFO: 2023/07/24 11:19:34 transactions.go:80: Created new transaction
INFO: 2023/07/24 11:19:34 transactions.go:80: Created new transaction
INFO: 2023/07/24 11:19:34 transactions.go:80: Created new transaction
INFO: 2023/07/24 11:19:34 transactions.go:80: Created new transaction
INFO: 2023/07/24 11:19:34 transactions.go:80: Created new transaction
INFO: 2023/07/24 11:19:34 transactions.go:80: Created new transaction
INFO: 2023/07/24 11:19:34 transactions.go:80: Created new transaction
INFO: 2023/07/24 11:19:34 transactions.go:80: Created new transaction
INFO: 2023/07/24 11:19:34 transactions.go:80: Created new transaction
INFO: 2023/07/24 11:19:34 transactions.go:80: Created new transaction
INFO: 2023/07/24 11:19:34 transactions.go:80: Created new transaction
INFO: 2023/07/24 11:19:34 transactions.go:80: Created new transaction
INFO: 2023/07/24 11:19:34 transactions.go:80: Created new transaction
INFO: 2023/07/24 11:19:34 transactions.go:80: Created new transaction
INFO: 2023/07/24 11:19:34 transactions.go:80: Created new transaction
INFO: 2023/07/24 11:19:34 transactions.go:80: Created new transaction
INFO: 2023/07/24 11:19:34 transactions.go:80: Created new transaction
INFO: 2023/07/24 11:19:34 transactions.go:80: Created new transaction
INFO: 2023/07/24 11:19:34 transactions.go:80: Created new transaction
INFO: 2023/07/24 11:19:34 transactions.go:80: Created new transaction
INFO: 2023/07/24 11:19:34 transactions.go:80: Created new transaction
INFO: 2023/07/24 11:19:34 transactions.go:80: Created new transaction
INFO: 2023/07/24 11:19:34 transactions.go:80: Created new transaction
INFO: 2023/07/24 11:19:34 transactions.go:80: Created new transaction
INFO: 2023/07/24 11:19:34 transactions.go:80: Created new transaction
INFO: 2023/07/24 11:19:34 transactions.go:80: Created new transaction
INFO: 2023/07/24 11:19:34 transactions.go:80: Created new transaction
INFO: 2023/07/24 11:19:34 transactions.go:80: Created new transaction
INFO: 2023/07/24 11:19:34 transactions.go:80: Created new transaction
INFO: 2023/07/24 11:19:34 transactions.go:80: Created new transaction
INFO: 2023/07/24 11:19:34 transactions.go:80: Created new transaction
INFO: 2023/07/24 11:19:34 transactions.go:80: Created new transaction
INFO: 2023/07/24 11:19:34 transactions.go:80: Created new transaction
INFO: 2023/07/24 11:19:34 transactions.go:80: Created new transaction
INFO: 2023/07/24 11:19:34 transactions.go:80: Created new transaction
INFO: 2023/07/24 11:19:34 transactions.go:80: Created new transaction
INFO: 2023/07/24 11:19:34 transactions.go:80: Created new transaction
INFO: 2023/07/24 11:19:42 service-ether.go:28: Getting all transactions...
INFO: 2023/07/24 11:19:42 repo-ether.go:97: Got all transactions
INFO: 2023/07/24 11:19:42 service-ether.go:35: Got all transactions
INFO: 2023/07/24 11:19:55 service-ether.go:11: Getting transactions by rlphex...
INFO: 2023/07/24 11:19:56 repo-ether.go:69: Got transactions by RLT
INFO: 2023/07/24 11:19:56 service-ether.go:24: Got transactions by rlphex
INFO: 2023/07/24 12:00:16 connection.go:41: database connected
INFO: 2023/07/24 12:00:16 main.go:12: Starting the application...
INFO: 2023/07/24 12:00:16 transactions.go:17: Starting the application...
INFO: 2023/07/24 12:02:14 connection.go:41: database connected
INFO: 2023/07/24 12:02:14 main.go:12: Starting the application...
INFO: 2023/07/24 12:02:14 transactions.go:17: Starting the application...
INFO: 2023/07/24 12:03:32 connection.go:41: database connected
INFO: 2023/07/24 12:03:32 main.go:12: Starting the application...
INFO: 2023/07/24 12:03:32 transactions.go:17: Starting the application...
INFO: 2023/07/24 12:04:26 transactions.go:69: Creating new transactions...
INFO: 2023/07/24 12:04:26 transactions.go:80: Created new transaction
INFO: 2023/07/24 12:04:26 transactions.go:80: Created new transaction
INFO: 2023/07/24 12:04:26 transactions.go:80: Created new transaction
INFO: 2023/07/24 12:04:26 transactions.go:80: Created new transaction
INFO: 2023/07/24 12:04:26 transactions.go:80: Created new transaction
INFO: 2023/07/24 12:04:26 transactions.go:80: Created new transaction
INFO: 2023/07/24 12:04:26 transactions.go:80: Created new transaction
INFO: 2023/07/24 12:04:26 transactions.go:80: Created new transaction
INFO: 2023/07/24 12:04:26 transactions.go:80: Created new transaction
INFO: 2023/07/24 12:04:26 transactions.go:80: Created new transaction
INFO: 2023/07/24 12:04:26 transactions.go:80: Created new transaction
INFO: 2023/07/24 12:04:26 transactions.go:80: Created new transaction
INFO: 2023/07/24 12:04:26 transactions.go:80: Created new transaction
INFO: 2023/07/24 12:04:26 transactions.go:80: Created new transaction
INFO: 2023/07/24 12:04:26 transactions.go:80: Created new transaction
INFO: 2023/07/24 12:04:26 transactions.go:80: Created new transaction
INFO: 2023/07/24 12:04:26 transactions.go:80: Created new transaction
INFO: 2023/07/24 12:04:26 transactions.go:80: Created new transaction
INFO: 2023/07/24 12:04:26 transactions.go:80: Created new transaction
INFO: 2023/07/24 12:04:26 transactions.go:80: Created new transaction
INFO: 2023/07/24 12:04:26 transactions.go:80: Created new transaction
INFO: 2023/07/24 12:04:26 transactions.go:80: Created new transaction
INFO: 2023/07/24 12:04:26 transactions.go:80: Created new transaction
INFO: 2023/07/24 12:04:26 transactions.go:80: Created new transaction
INFO: 2023/07/24 12:04:26 transactions.go:80: Created new transaction
INFO: 2023/07/24 12:04:26 transactions.go:80: Created new transaction
INFO: 2023/07/24 12:04:26 transactions.go:80: Created new transaction
INFO: 2023/07/24 12:04:26 transactions.go:80: Created new transaction
INFO: 2023/07/24 12:04:26 transactions.go:80: Created new transaction
INFO: 2023/07/24 12:04:26 transactions.go:80: Created new transaction
INFO: 2023/07/24 12:04:26 transactions.go:80: Created new transaction
INFO: 2023/07/24 12:04:26 transactions.go:80: Created new transaction
INFO: 2023/07/24 12:04:26 transactions.go:80: Created new transaction
INFO: 2023/07/24 12:04:26 transactions.go:80: Created new transaction
INFO: 2023/07/24 12:04:26 transactions.go:80: Created new transaction
INFO: 2023/07/24 12:04:26 transactions.go:80: Created new transaction
INFO: 2023/07/24 12:04:26 transactions.go:80: Created new transaction
INFO: 2023/07/24 12:04:26 transactions.go:80: Created new transaction
INFO: 2023/07/24 12:04:26 transactions.go:80: Created new transaction
INFO: 2023/07/24 12:04:26 transactions.go:80: Created new transaction
INFO: 2023/07/24 12:04:26 transactions.go:80: Created new transaction
INFO: 2023/07/24 12:04:26 transactions.go:80: Created new transaction
INFO: 2023/07/24 12:04:26 transactions.go:80: Created new transaction
INFO: 2023/07/24 12:04:26 transactions.go:80: Created new transaction
INFO: 2023/07/24 12:04:26 transactions.go:80: Created new transaction
INFO: 2023/07/24 12:04:26 transactions.go:80: Created new transaction
INFO: 2023/07/24 12:04:26 transactions.go:80: Created new transaction
INFO: 2023/07/24 12:04:26 transactions.go:80: Created new transaction
INFO: 2023/07/24 12:04:26 transactions.go:80: Created new transaction
INFO: 2023/07/24 12:04:26 transactions.go:80: Created new transaction
INFO: 2023/07/24 12:04:26 transactions.go:80: Created new transaction
INFO: 2023/07/24 12:04:26 transactions.go:80: Created new transaction
INFO: 2023/07/24 12:04:26 transactions.go:80: Created new transaction
INFO: 2023/07/24 12:04:26 transactions.go:80: Created new transaction
INFO: 2023/07/24 12:04:26 transactions.go:80: Created new transaction
INFO: 2023/07/24 12:04:26 transactions.go:80: Created new transaction
INFO: 2023/07/24 12:04:26 transactions.go:80: Created new transaction
INFO: 2023/07/24 12:04:26 transactions.go:80: Created new transaction
INFO: 2023/07/24 12:04:26 transactions.go:80: Created new transaction
INFO: 2023/07/24 12:04:26 transactions.go:80: Created new transaction
INFO: 2023/07/24 12:04:26 transactions.go:80: Created new transaction
INFO: 2023/07/24 12:04:26 transactions.go:80: Created new transaction
INFO: 2023/07/24 12:04:26 transactions.go:80: Created new transaction
INFO: 2023/07/24 12:04:26 transactions.go:80: Created new transaction
INFO: 2023/07/24 12:04:26 transactions.go:80: Created new transaction
INFO: 2023/07/24 12:04:26 transactions.go:80: Created new transaction
INFO: 2023/07/24 12:04:26 transactions.go:80: Created new transaction
INFO: 2023/07/24 12:04:26 transactions.go:80: Created new transaction
INFO: 2023/07/24 12:04:26 transactions.go:80: Created new transaction
INFO: 2023/07/24 12:04:26 transactions.go:80: Created new transaction
INFO: 2023/07/24 12:04:26 transactions.go:80: Created new transaction
INFO: 2023/07/24 12:04:26 transactions.go:80: Created new transaction
INFO: 2023/07/24 12:04:26 transactions.go:80: Created new transaction
INFO: 2023/07/24 12:04:26 transactions.go:80: Created new transaction
INFO: 2023/07/24 12:04:26 transactions.go:80: Created new transaction
INFO: 2023/07/24 12:04:26 transactions.go:80: Created new transaction
INFO: 2023/07/24 12:04:26 transactions.go:80: Created new transaction
INFO: 2023/07/24 12:04:26 transactions.go:80: Created new transaction
INFO: 2023/07/24 12:04:26 transactions.go:80: Created new transaction
INFO: 2023/07/24 12:04:26 transactions.go:80: Created new transaction
INFO: 2023/07/24 12:04:26 transactions.go:80: Created new transaction
INFO: 2023/07/24 12:04:26 transactions.go:80: Created new transaction
INFO: 2023/07/24 12:04:26 transactions.go:80: Created new transaction
INFO: 2023/07/24 12:04:26 transactions.go:80: Created new transaction
INFO: 2023/07/24 12:04:26 transactions.go:80: Created new transaction
INFO: 2023/07/24 12:04:26 transactions.go:80: Created new transaction
INFO: 2023/07/24 12:04:26 transactions.go:80: Created new transaction
INFO: 2023/07/24 12:04:26 transactions.go:80: Created new transaction
INFO: 2023/07/24 12:04:26 transactions.go:80: Created new transaction
INFO: 2023/07/24 12:04:26 transactions.go:80: Created new transaction
INFO: 2023/07/24 12:04:26 transactions.go:80: Created new transaction
INFO: 2023/07/24 12:04:26 transactions.go:80: Created new transaction
INFO: 2023/07/24 12:04:26 transactions.go:80: Created new transaction
INFO: 2023/07/24 12:04:26 transactions.go:80: Created new transaction
INFO: 2023/07/24 12:04:26 transactions.go:80: Created new transaction
INFO: 2023/07/24 12:04:26 transactions.go:80: Created new transaction
INFO: 2023/07/24 12:04:26 transactions.go:80: Created new transaction
INFO: 2023/07/24 12:04:26 transactions.go:80: Created new transaction
INFO: 2023/07/24 12:04:26 transactions.go:80: Created new transaction
INFO: 2023/07/24 12:04:26 transactions.go:80: Created new transaction
INFO: 2023/07/24 12:04:26 transactions.go:80: Created new transaction
INFO: 2023/07/24 12:04:26 transactions.go:80: Created new transaction
INFO: 2023/07/24 12:04:26 transactions.go:80: Created new transaction
INFO: 2023/07/24 12:04:26 transactions.go:80: Created new transaction
INFO: 2023/07/24 12:04:26 transactions.go:80: Created new transaction
INFO: 2023/07/24 12:04:26 transactions.go:80: Created new transaction
INFO: 2023/07/24 12:04:26 transactions.go:80: Created new transaction
INFO: 2023/07/24 12:04:26 transactions.go:80: Created new transaction
INFO: 2023/07/24 12:04:26 transactions.go:80: Created new transaction
INFO: 2023/07/24 12:04:26 transactions.go:80: Created new transaction
INFO: 2023/07/24 12:04:26 transactions.go:80: Created new transaction
INFO: 2023/07/24 12:04:26 transactions.go:80: Created new transaction
INFO: 2023/07/24 12:04:26 transactions.go:80: Created new transaction
INFO: 2023/07/24 12:04:26 transactions.go:80: Created new transaction
INFO: 2023/07/24 12:04:26 transactions.go:80: Created new transaction
INFO: 2023/07/24 12:04:26 transactions.go:80: Created new transaction
INFO: 2023/07/24 12:04:26 transactions.go:80: Created new transaction
INFO: 2023/07/24 12:04:26 transactions.go:80: Created new transaction
INFO: 2023/07/24 12:04:26 transactions.go:80: Created new transaction
INFO: 2023/07/24 12:04:26 transactions.go:80: Created new transaction
INFO: 2023/07/24 12:04:26 transactions.go:80: Created new transaction
INFO: 2023/07/24 12:04:26 transactions.go:80: Created new transaction
INFO: 2023/07/24 12:04:26 transactions.go:80: Created new transaction
INFO: 2023/07/24 12:04:26 transactions.go:80: Created new transaction
INFO: 2023/07/24 12:04:26 transactions.go:80: Created new transaction
INFO: 2023/07/24 12:04:26 transactions.go:80: Created new transaction
INFO: 2023/07/24 12:04:26 transactions.go:80: Created new transaction
INFO: 2023/07/24 12:04:26 transactions.go:80: Created new transaction
INFO: 2023/07/24 12:04:26 transactions.go:80: Created new transaction
INFO: 2023/07/24 12:04:26 transactions.go:80: Created new transaction
INFO: 2023/07/24 12:04:26 transactions.go:80: Created new transaction
INFO: 2023/07/24 12:04:26 transactions.go:80: Created new transaction
INFO: 2023/07/24 12:04:26 transactions.go:80: Created new transaction
INFO: 2023/07/24 12:04:26 transactions.go:80: Created new transaction
INFO: 2023/07/24 12:04:26 transactions.go:80: Created new transaction
INFO: 2023/07/24 12:04:26 transactions.go:80: Created new transaction
INFO: 2023/07/24 12:04:26 transactions.go:80: Created new transaction
INFO: 2023/07/24 12:04:26 transactions.go:80: Created new transaction
INFO: 2023/07/24 12:04:26 transactions.go:80: Created new transaction
INFO: 2023/07/24 12:04:26 transactions.go:80: Created new transaction
INFO: 2023/07/24 12:04:26 transactions.go:80: Created new transaction
INFO: 2023/07/24 12:04:26 transactions.go:80: Created new transaction
INFO: 2023/07/24 12:04:26 transactions.go:80: Created new transaction
INFO: 2023/07/24 12:04:26 transactions.go:80: Created new transaction
INFO: 2023/07/24 12:04:26 transactions.go:80: Created new transaction
INFO: 2023/07/24 12:04:26 transactions.go:80: Created new transaction
INFO: 2023/07/24 12:04:26 transactions.go:80: Created new transaction
INFO: 2023/07/24 12:04:26 transactions.go:80: Created new transaction
INFO: 2023/07/24 12:04:26 transactions.go:80: Created new transaction
INFO: 2023/07/24 12:04:26 transactions.go:80: Created new transaction
INFO: 2023/07/24 12:04:26 transactions.go:80: Created new transaction
INFO: 2023/07/24 12:04:26 transactions.go:80: Created new transaction
INFO: 2023/07/24 12:04:26 transactions.go:80: Created new transaction
INFO: 2023/07/24 12:04:26 transactions.go:80: Created new transaction
INFO: 2023/07/24 12:04:26 transactions.go:80: Created new transaction
INFO: 2023/07/24 12:04:26 transactions.go:80: Created new transaction
INFO: 2023/07/24 12:04:26 transactions.go:80: Created new transaction
INFO: 2023/07/24 12:04:26 transactions.go:80: Created new transaction
INFO: 2023/07/24 12:04:26 transactions.go:80: Created new transaction
INFO: 2023/07/24 12:04:26 transactions.go:80: Created new transaction
INFO: 2023/07/24 12:04:26 transactions.go:80: Created new transaction
INFO: 2023/07/24 12:04:26 transactions.go:80: Created new transaction
INFO: 2023/07/24 12:04:26 transactions.go:80: Created new transaction
INFO: 2023/07/24 12:04:26 transactions.go:80: Created new transaction
INFO: 2023/07/24 12:04:26 transactions.go:80: Created new transaction
INFO: 2023/07/24 12:07:33 connection.go:41: database connected
INFO: 2023/07/24 12:07:33 main.go:12: Starting the application...
INFO: 2023/07/24 12:07:33 transactions.go:17: Starting the application...
INFO: 2023/07/24 12:08:08 transactions.go:69: Creating new transactions...
INFO: 2023/07/24 12:08:08 transactions.go:80: Created new transaction
INFO: 2023/07/24 12:08:08 transactions.go:80: Created new transaction
INFO: 2023/07/24 12:08:08 transactions.go:80: Created new transaction
INFO: 2023/07/24 12:08:08 transactions.go:80: Created new transaction
INFO: 2023/07/24 12:08:08 transactions.go:80: Created new transaction
INFO: 2023/07/24 12:08:08 transactions.go:80: Created new transaction
INFO: 2023/07/24 12:08:08 transactions.go:80: Created new transaction
INFO: 2023/07/24 12:08:08 transactions.go:80: Created new transaction
INFO: 2023/07/24 12:08:08 transactions.go:80: Created new transaction
INFO: 2023/07/24 12:08:08 transactions.go:80: Created new transaction
INFO: 2023/07/24 12:08:08 transactions.go:80: Created new transaction
INFO: 2023/07/24 12:08:08 transactions.go:80: Created new transaction
INFO: 2023/07/24 12:08:08 transactions.go:80: Created new transaction
INFO: 2023/07/24 12:08:08 transactions.go:80: Created new transaction
INFO: 2023/07/24 12:08:08 transactions.go:80: Created new transaction
INFO: 2023/07/24 12:08:08 transactions.go:80: Created new transaction
INFO: 2023/07/24 12:08:08 transactions.go:80: Created new transaction
INFO: 2023/07/24 12:08:08 transactions.go:80: Created new transaction
INFO: 2023/07/24 12:08:08 transactions.go:80: Created new transaction
INFO: 2023/07/24 12:08:08 transactions.go:80: Created new transaction
INFO: 2023/07/24 12:08:08 transactions.go:80: Created new transaction
INFO: 2023/07/24 12:08:08 transactions.go:80: Created new transaction
INFO: 2023/07/24 12:08:08 transactions.go:80: Created new transaction
INFO: 2023/07/24 12:08:08 transactions.go:80: Created new transaction
INFO: 2023/07/24 12:08:08 transactions.go:80: Created new transaction
INFO: 2023/07/24 12:08:08 transactions.go:80: Created new transaction
INFO: 2023/07/24 12:08:08 transactions.go:80: Created new transaction
INFO: 2023/07/24 12:08:08 transactions.go:80: Created new transaction
INFO: 2023/07/24 12:08:08 transactions.go:80: Created new transaction
INFO: 2023/07/24 12:08:08 transactions.go:80: Created new transaction
INFO: 2023/07/24 12:08:08 transactions.go:80: Created new transaction
INFO: 2023/07/24 12:08:08 transactions.go:80: Created new transaction
INFO: 2023/07/24 12:08:08 transactions.go:80: Created new transaction
INFO: 2023/07/24 12:08:08 transactions.go:80: Created new transaction
INFO: 2023/07/24 12:08:08 transactions.go:80: Created new transaction
INFO: 2023/07/24 12:08:08 transactions.go:80: Created new transaction
INFO: 2023/07/24 12:08:08 transactions.go:80: Created new transaction
INFO: 2023/07/24 12:08:08 transactions.go:80: Created new transaction
INFO: 2023/07/24 12:08:08 transactions.go:80: Created new transaction
INFO: 2023/07/24 12:08:08 transactions.go:80: Created new transaction
INFO: 2023/07/24 12:08:08 transactions.go:80: Created new transaction
INFO: 2023/07/24 12:08:08 transactions.go:80: Created new transaction
INFO: 2023/07/24 12:08:08 transactions.go:80: Created new transaction
INFO: 2023/07/24 12:08:08 transactions.go:80: Created new transaction
INFO: 2023/07/24 12:08:08 transactions.go:80: Created new transaction
INFO: 2023/07/24 12:08:08 transactions.go:80: Created new transaction
INFO: 2023/07/24 12:08:08 transactions.go:80: Created new transaction
INFO: 2023/07/24 12:08:08 transactions.go:80: Created new transaction
INFO: 2023/07/24 12:08:08 transactions.go:80: Created new transaction
INFO: 2023/07/24 12:08:08 transactions.go:80: Created new transaction
INFO: 2023/07/24 12:08:08 transactions.go:80: Created new transaction
INFO: 2023/07/24 12:08:08 transactions.go:80: Created new transaction
INFO: 2023/07/24 12:08:08 transactions.go:80: Created new transaction
INFO: 2023/07/24 12:08:08 transactions.go:80: Created new transaction
INFO: 2023/07/24 12:08:08 transactions.go:80: Created new transaction
INFO: 2023/07/24 12:08:08 transactions.go:80: Created new transaction
INFO: 2023/07/24 12:08:08 transactions.go:80: Created new transaction
INFO: 2023/07/24 12:08:08 transactions.go:80: Created new transaction
INFO: 2023/07/24 12:08:08 transactions.go:80: Created new transaction
INFO: 2023/07/24 12:08:08 transactions.go:80: Created new transaction
INFO: 2023/07/24 12:08:08 transactions.go:80: Created new transaction
INFO: 2023/07/24 12:08:08 transactions.go:80: Created new transaction
INFO: 2023/07/24 12:08:08 transactions.go:80: Created new transaction
INFO: 2023/07/24 12:08:08 transactions.go:80: Created new transaction
INFO: 2023/07/24 12:08:08 transactions.go:80: Created new transaction
INFO: 2023/07/24 12:08:08 transactions.go:80: Created new transaction
INFO: 2023/07/24 12:08:08 transactions.go:80: Created new transaction
INFO: 2023/07/24 12:08:08 transactions.go:80: Created new transaction
INFO: 2023/07/24 12:08:08 transactions.go:80: Created new transaction
INFO: 2023/07/24 12:08:08 transactions.go:80: Created new transaction
INFO: 2023/07/24 12:08:08 transactions.go:80: Created new transaction
INFO: 2023/07/24 12:08:08 transactions.go:80: Created new transaction
INFO: 2023/07/24 12:08:08 transactions.go:80: Created new transaction
INFO: 2023/07/24 12:08:08 transactions.go:80: Created new transaction
INFO: 2023/07/24 12:08:08 transactions.go:80: Created new transaction
INFO: 2023/07/24 12:08:08 transactions.go:80: Created new transaction
INFO: 2023/07/24 12:08:08 transactions.go:80: Created new transaction
INFO: 2023/07/24 12:08:08 transactions.go:80: Created new transaction
INFO: 2023/07/24 12:08:08 transactions.go:80: Created new transaction
INFO: 2023/07/24 12:08:08 transactions.go:80: Created new transaction
INFO: 2023/07/24 12:08:08 transactions.go:80: Created new transaction
INFO: 2023/07/24 12:08:08 transactions.go:80: Created new transaction
INFO: 2023/07/24 12:08:08 transactions.go:80: Created new transaction
INFO: 2023/07/24 12:08:08 transactions.go:80: Created new transaction
INFO: 2023/07/24 12:08:08 transactions.go:80: Created new transaction
INFO: 2023/07/24 12:08:08 transactions.go:80: Created new transaction
INFO: 2023/07/24 12:08:08 transactions.go:80: Created new transaction
INFO: 2023/07/24 12:08:08 transactions.go:80: Created new transaction
INFO: 2023/07/24 12:08:08 transactions.go:80: Created new transaction
INFO: 2023/07/24 12:08:08 transactions.go:80: Created new transaction
INFO: 2023/07/24 12:08:08 transactions.go:80: Created new transaction
INFO: 2023/07/24 12:08:08 transactions.go:80: Created new transaction
INFO: 2023/07/24 12:08:08 transactions.go:80: Created new transaction
INFO: 2023/07/24 12:08:08 transactions.go:80: Created new transaction
INFO: 2023/07/24 12:08:08 transactions.go:80: Created new transaction
INFO: 2023/07/24 12:08:08 transactions.go:80: Created new transaction
INFO: 2023/07/24 12:08:08 transactions.go:80: Created new transaction
INFO: 2023/07/24 12:08:08 transactions.go:80: Created new transaction
INFO: 2023/07/24 12:08:08 transactions.go:80: Created new transaction
INFO: 2023/07/24 12:08:08 transactions.go:80: Created new transaction
INFO: 2023/07/24 12:08:08 transactions.go:80: Created new transaction
INFO: 2023/07/24 12:08:08 transactions.go:80: Created new transaction
INFO: 2023/07/24 12:08:08 transactions.go:80: Created new transaction
INFO: 2023/07/24 12:08:08 transactions.go:80: Created new transaction
INFO: 2023/07/24 12:08:08 transactions.go:80: Created new transaction
INFO: 2023/07/24 12:08:08 transactions.go:80: Created new transaction
INFO: 2023/07/24 12:08:08 transactions.go:80: Created new transaction
INFO: 2023/07/24 12:08:08 transactions.go:80: Created new transaction
INFO: 2023/07/24 12:08:08 transactions.go:80: Created new transaction
INFO: 2023/07/24 12:08:08 transactions.go:80: Created new transaction
INFO: 2023/07/24 12:08:08 transactions.go:80: Created new transaction
INFO: 2023/07/24 12:08:08 transactions.go:80: Created new transaction
INFO: 2023/07/24 12:08:12 service-ether.go:28: Getting all transactions...
INFO: 2023/07/24 12:08:12 repo-ether.go:97: Got all transactions
INFO: 2023/07/24 12:08:12 service-ether.go:35: Got all transactions
INFO: 2023/07/24 12:08:23 service-ether.go:11: Getting transactions by rlphex...
INFO: 2023/07/24 12:08:23 repo-ether.go:69: Got transactions by RLT
INFO: 2023/07/24 12:08:23 service-ether.go:24: Got transactions by rlphex
INFO: 2023/07/26 02:56:33 connection.go:41: database connected
INFO: 2023/07/26 02:56:33 main.go:12: Starting the application...
INFO: 2023/07/26 02:56:33 transactions.go:17: Starting the application...
INFO: 2023/07/26 02:57:24 connection.go:41: database connected
INFO: 2023/07/26 02:57:24 main.go:12: Starting the application...
INFO: 2023/07/26 02:57:24 transactions.go:17: Starting the application...
INFO: 2023/07/26 02:58:08 transactions.go:69: Creating new transactions...
INFO: 2023/07/26 02:58:08 transactions.go:80: Created new transaction
INFO: 2023/07/26 02:58:08 transactions.go:80: Created new transaction
INFO: 2023/07/26 02:58:08 transactions.go:80: Created new transaction
INFO: 2023/07/26 02:58:08 transactions.go:80: Created new transaction
INFO: 2023/07/26 02:58:08 transactions.go:80: Created new transaction
INFO: 2023/07/26 02:58:08 transactions.go:80: Created new transaction
INFO: 2023/07/26 02:58:08 transactions.go:80: Created new transaction
INFO: 2023/07/26 02:58:08 transactions.go:80: Created new transaction
INFO: 2023/07/26 02:58:08 transactions.go:80: Created new transaction
INFO: 2023/07/26 02:58:08 transactions.go:80: Created new transaction
INFO: 2023/07/26 02:58:08 transactions.go:80: Created new transaction
INFO: 2023/07/26 02:58:08 transactions.go:80: Created new transaction
INFO: 2023/07/26 02:58:08 transactions.go:80: Created new transaction
INFO: 2023/07/26 02:58:08 transactions.go:80: Created new transaction
INFO: 2023/07/26 02:58:08 transactions.go:80: Created new transaction
INFO: 2023/07/26 02:58:08 transactions.go:80: Created new transaction
INFO: 2023/07/26 02:58:08 transactions.go:80: Created new transaction
INFO: 2023/07/26 02:58:08 transactions.go:80: Created new transaction
INFO: 2023/07/26 02:58:08 transactions.go:80: Created new transaction
INFO: 2023/07/26 02:58:08 transactions.go:80: Created new transaction
INFO: 2023/07/26 02:58:08 transactions.go:80: Created new transaction
INFO: 2023/07/26 02:58:08 transactions.go:80: Created new transaction
INFO: 2023/07/26 02:58:08 transactions.go:80: Created new transaction
INFO: 2023/07/26 02:58:08 transactions.go:80: Created new transaction
INFO: 2023/07/26 02:58:08 transactions.go:80: Created new transaction
INFO: 2023/07/26 02:58:08 transactions.go:80: Created new transaction
INFO: 2023/07/26 02:58:08 transactions.go:80: Created new transaction
INFO: 2023/07/26 02:58:08 transactions.go:80: Created new transaction
INFO: 2023/07/26 02:58:08 transactions.go:80: Created new transaction
INFO: 2023/07/26 02:58:08 transactions.go:80: Created new transaction
INFO: 2023/07/26 02:58:08 transactions.go:80: Created new transaction
INFO: 2023/07/26 02:58:08 transactions.go:80: Created new transaction
INFO: 2023/07/26 02:58:08 transactions.go:80: Created new transaction
INFO: 2023/07/26 02:58:08 transactions.go:80: Created new transaction
INFO: 2023/07/26 02:58:08 transactions.go:80: Created new transaction
INFO: 2023/07/26 02:58:08 transactions.go:80: Created new transaction
INFO: 2023/07/26 02:58:08 transactions.go:80: Created new transaction
INFO: 2023/07/26 02:58:08 transactions.go:80: Created new transaction
INFO: 2023/07/26 02:58:08 transactions.go:80: Created new transaction
INFO: 2023/07/26 02:58:08 transactions.go:80: Created new transaction
INFO: 2023/07/26 02:58:08 transactions.go:80: Created new transaction
INFO: 2023/07/26 02:58:08 transactions.go:80: Created new transaction
INFO: 2023/07/26 02:58:08 transactions.go:80: Created new transaction
INFO: 2023/07/26 02:58:08 transactions.go:80: Created new transaction
INFO: 2023/07/26 02:58:08 transactions.go:80: Created new transaction
INFO: 2023/07/26 02:58:08 transactions.go:80: Created new transaction
INFO: 2023/07/26 02:58:08 transactions.go:80: Created new transaction
INFO: 2023/07/26 02:58:08 transactions.go:80: Created new transaction
INFO: 2023/07/26 02:58:08 transactions.go:80: Created new transaction
INFO: 2023/07/26 02:58:08 transactions.go:80: Created new transaction
INFO: 2023/07/26 02:58:08 transactions.go:80: Created new transaction
INFO: 2023/07/26 02:58:08 transactions.go:80: Created new transaction
INFO: 2023/07/26 02:58:08 transactions.go:80: Created new transaction
INFO: 2023/07/26 02:58:08 transactions.go:80: Created new transaction
INFO: 2023/07/26 02:58:08 transactions.go:80: Created new transaction
INFO: 2023/07/26 02:58:08 transactions.go:80: Created new transaction
INFO: 2023/07/26 02:58:08 transactions.go:80: Created new transaction
INFO: 2023/07/26 02:58:08 transactions.go:80: Created new transaction
INFO: 2023/07/26 02:58:08 transactions.go:80: Created new transaction
INFO: 2023/07/26 02:58:08 transactions.go:80: Created new transaction
INFO: 2023/07/26 02:58:08 transactions.go:80: Created new transaction
INFO: 2023/07/26 02:58:08 transactions.go:80: Created new transaction
INFO: 2023/07/26 02:58:08 transactions.go:80: Created new transaction
INFO: 2023/07/26 02:58:08 transactions.go:80: Created new transaction
INFO: 2023/07/26 02:58:08 transactions.go:80: Created new transaction
INFO: 2023/07/26 02:58:08 transactions.go:80: Created new transaction
INFO: 2023/07/26 02:58:08 transactions.go:80: Created new transaction
INFO: 2023/07/26 02:58:08 transactions.go:80: Created new transaction
INFO: 2023/07/26 02:58:08 transactions.go:80: Created new transaction
INFO: 2023/07/26 02:58:08 transactions.go:80: Created new transaction
INFO: 2023/07/26 02:58:08 transactions.go:80: Created new transaction
INFO: 2023/07/26 02:58:08 transactions.go:80: Created new transaction
INFO: 2023/07/26 02:58:08 transactions.go:80: Created new transaction
INFO: 2023/07/26 02:58:08 transactions.go:80: Created new transaction
INFO: 2023/07/26 02:58:08 transactions.go:80: Created new transaction
INFO: 2023/07/26 02:58:08 transactions.go:80: Created new transaction
INFO: 2023/07/26 02:58:08 transactions.go:80: Created new transaction
INFO: 2023/07/26 02:58:08 transactions.go:80: Created new transaction
INFO: 2023/07/26 02:58:08 transactions.go:80: Created new transaction
INFO: 2023/07/26 02:58:08 transactions.go:80: Created new transaction
INFO: 2023/07/26 02:58:08 transactions.go:80: Created new transaction
INFO: 2023/07/26 02:58:08 transactions.go:80: Created new transaction
INFO: 2023/07/26 02:58:08 transactions.go:80: Created new transaction
INFO: 2023/07/26 02:58:08 transactions.go:80: Created new transaction
INFO: 2023/07/26 02:58:08 transactions.go:80: Created new transaction
INFO: 2023/07/26 02:58:08 transactions.go:80: Created new transaction
INFO: 2023/07/26 02:58:08 transactions.go:80: Created new transaction
INFO: 2023/07/26 02:58:08 transactions.go:80: Created new transaction
INFO: 2023/07/26 02:58:08 transactions.go:80: Created new transaction
INFO: 2023/07/26 02:58:08 transactions.go:80: Created new transaction
INFO: 2023/07/26 02:58:08 transactions.go:80: Created new transaction
INFO: 2023/07/26 02:58:08 transactions.go:80: Created new transaction
INFO: 2023/07/26 02:58:08 transactions.go:80: Created new transaction
INFO: 2023/07/26 02:58:08 transactions.go:80: Created new transaction
INFO: 2023/07/26 02:58:08 transactions.go:80: Created new transaction
INFO: 2023/07/26 02:58:08 transactions.go:80: Created new transaction
INFO: 2023/07/26 02:58:08 transactions.go:80: Created new transaction
INFO: 2023/07/26 02:58:08 transactions.go:80: Created new transaction
INFO: 2023/07/26 02:58:08 transactions.go:80: Created new transaction
INFO: 2023/07/26 02:58:08 transactions.go:80: Created new transaction
INFO: 2023/07/26 02:58:08 transactions.go:80: Created new transaction
INFO: 2023/07/26 02:58:08 transactions.go:80: Created new transaction
INFO: 2023/07/26 02:58:08 transactions.go:80: Created new transaction
INFO: 2023/07/26 02:58:08 transactions.go:80: Created new transaction
INFO: 2023/07/26 02:58:08 transactions.go:80: Created new transaction
INFO: 2023/07/26 02:58:08 transactions.go:80: Created new transaction
INFO: 2023/07/26 02:58:08 transactions.go:80: Created new transaction
INFO: 2023/07/26 02:58:08 transactions.go:80: Created new transaction
INFO: 2023/07/26 02:58:08 transactions.go:80: Created new transaction
INFO: 2023/07/26 02:58:08 transactions.go:80: Created new transaction
INFO: 2023/07/26 02:58:08 transactions.go:80: Created new transaction
INFO: 2023/07/26 02:58:08 transactions.go:80: Created new transaction
INFO: 2023/07/26 02:58:08 transactions.go:80: Created new transaction
INFO: 2023/07/26 02:58:08 transactions.go:80: Created new transaction
INFO: 2023/07/26 02:58:08 transactions.go:80: Created new transaction
INFO: 2023/07/26 02:58:08 transactions.go:80: Created new transaction
INFO: 2023/07/26 02:58:08 transactions.go:80: Created new transaction
INFO: 2023/07/26 02:58:08 transactions.go:80: Created new transaction
INFO: 2023/07/26 02:58:08 transactions.go:80: Created new transaction
INFO: 2023/07/26 02:58:08 transactions.go:80: Created new transaction
INFO: 2023/07/26 02:58:08 transactions.go:80: Created new transaction
INFO: 2023/07/26 02:58:08 transactions.go:80: Created new transaction
INFO: 2023/07/26 02:58:08 transactions.go:80: Created new transaction
INFO: 2023/07/26 02:58:08 transactions.go:80: Created new transaction
INFO: 2023/07/26 02:58:08 transactions.go:80: Created new transaction
INFO: 2023/07/26 02:58:08 transactions.go:80: Created new transaction
INFO: 2023/07/26 02:58:08 transactions.go:80: Created new transaction
INFO: 2023/07/26 02:58:08 transactions.go:80: Created new transaction
INFO: 2023/07/26 02:58:15 service-ether.go:47: Getting all transactions...
INFO: 2023/07/26 02:58:15 repo-ether.go:66: Got all transactions
INFO: 2023/07/26 02:58:15 service-ether.go:54: Got all transactions
INFO: 2023/07/26 02:58:22 service-ether.go:30: Getting transactions by rlphex...
INFO: 2023/07/26 02:58:22 repo-ether.go:66: Got all transactions
INFO: 2023/07/26 02:58:22 repo-ether.go:38: Got transactions by RLP
INFO: 2023/07/26 02:58:22 service-ether.go:43: Got transactions by rlphex
INFO: 2023/07/28 00:11:50 connection.go:41: database connected
INFO: 2023/07/28 00:11:50 main.go:12: Starting the application...
INFO: 2023/07/28 00:11:50 transactions.go:17: Starting the application...
INFO: 2023/07/28 00:12:29 transactions.go:69: Creating new transactions...
INFO: 2023/07/28 00:12:29 transactions.go:80: Created new transaction
INFO: 2023/07/28 00:12:29 transactions.go:80: Created new transaction
INFO: 2023/07/28 00:12:29 transactions.go:80: Created new transaction
INFO: 2023/07/28 00:12:29 transactions.go:80: Created new transaction
INFO: 2023/07/28 00:12:29 transactions.go:80: Created new transaction
INFO: 2023/07/28 00:12:29 transactions.go:80: Created new transaction
INFO: 2023/07/28 00:12:29 transactions.go:80: Created new transaction
INFO: 2023/07/28 00:12:29 transactions.go:80: Created new transaction
INFO: 2023/07/28 00:12:29 transactions.go:80: Created new transaction
INFO: 2023/07/28 00:12:29 transactions.go:80: Created new transaction
INFO: 2023/07/28 00:12:29 transactions.go:80: Created new transaction
INFO: 2023/07/28 00:12:29 transactions.go:80: Created new transaction
INFO: 2023/07/28 00:12:29 transactions.go:80: Created new transaction
INFO: 2023/07/28 00:12:29 transactions.go:80: Created new transaction
INFO: 2023/07/28 00:12:29 transactions.go:80: Created new transaction
INFO: 2023/07/28 00:12:29 transactions.go:80: Created new transaction
INFO: 2023/07/28 00:12:29 transactions.go:80: Created new transaction
INFO: 2023/07/28 00:12:29 transactions.go:80: Created new transaction
INFO: 2023/07/28 00:12:29 transactions.go:80: Created new transaction
INFO: 2023/07/28 00:12:29 transactions.go:80: Created new transaction
INFO: 2023/07/28 00:12:29 transactions.go:80: Created new transaction
INFO: 2023/07/28 00:12:29 transactions.go:80: Created new transaction
INFO: 2023/07/28 00:12:29 transactions.go:80: Created new transaction
INFO: 2023/07/28 00:12:29 transactions.go:80: Created new transaction
INFO: 2023/07/28 00:12:29 transactions.go:80: Created new transaction
INFO: 2023/07/28 00:12:29 transactions.go:80: Created new transaction
INFO: 2023/07/28 00:12:29 transactions.go:80: Created new transaction
INFO: 2023/07/28 00:12:29 transactions.go:80: Created new transaction
INFO: 2023/07/28 00:12:29 transactions.go:80: Created new transaction
INFO: 2023/07/28 00:12:29 transactions.go:80: Created new transaction
INFO: 2023/07/28 00:12:29 transactions.go:80: Created new transaction
INFO: 2023/07/28 00:12:29 transactions.go:80: Created new transaction
INFO: 2023/07/28 00:12:29 transactions.go:80: Created new transaction
INFO: 2023/07/28 00:12:29 transactions.go:80: Created new transaction
INFO: 2023/07/28 00:12:29 transactions.go:80: Created new transaction
INFO: 2023/07/28 00:12:29 transactions.go:80: Created new transaction
INFO: 2023/07/28 00:12:29 transactions.go:80: Created new transaction
INFO: 2023/07/28 00:12:29 transactions.go:80: Created new transaction
INFO: 2023/07/28 00:12:29 transactions.go:80: Created new transaction
INFO: 2023/07/28 00:12:29 transactions.go:80: Created new transaction
INFO: 2023/07/28 00:12:29 transactions.go:80: Created new transaction
INFO: 2023/07/28 00:12:29 transactions.go:80: Created new transaction
INFO: 2023/07/28 00:12:29 transactions.go:80: Created new transaction
INFO: 2023/07/28 00:12:29 transactions.go:80: Created new transaction
INFO: 2023/07/28 00:12:29 transactions.go:80: Created new transaction
INFO: 2023/07/28 00:12:29 transactions.go:80: Created new transaction
INFO: 2023/07/28 00:12:29 transactions.go:80: Created new transaction
INFO: 2023/07/28 00:12:29 transactions.go:80: Created new transaction
INFO: 2023/07/28 00:12:29 transactions.go:80: Created new transaction
INFO: 2023/07/28 00:12:29 transactions.go:80: Created new transaction
INFO: 2023/07/28 00:12:29 transactions.go:80: Created new transaction
INFO: 2023/07/28 00:12:29 transactions.go:80: Created new transaction
INFO: 2023/07/28 00:12:29 transactions.go:80: Created new transaction
INFO: 2023/07/28 00:12:29 transactions.go:80: Created new transaction
INFO: 2023/07/28 00:12:29 transactions.go:80: Created new transaction
INFO: 2023/07/28 00:12:29 transactions.go:80: Created new transaction
INFO: 2023/07/28 00:12:29 transactions.go:80: Created new transaction
INFO: 2023/07/28 00:12:29 transactions.go:80: Created new transaction
INFO: 2023/07/28 00:12:29 transactions.go:80: Created new transaction
INFO: 2023/07/28 00:12:29 transactions.go:80: Created new transaction
INFO: 2023/07/28 00:12:29 transactions.go:80: Created new transaction
INFO: 2023/07/28 00:12:29 transactions.go:80: Created new transaction
INFO: 2023/07/28 00:12:29 transactions.go:80: Created new transaction
INFO: 2023/07/28 00:12:29 transactions.go:80: Created new transaction
INFO: 2023/07/28 00:12:29 transactions.go:80: Created new transaction
INFO: 2023/07/28 00:12:29 transactions.go:80: Created new transaction
INFO: 2023/07/28 00:12:29 transactions.go:80: Created new transaction
INFO: 2023/07/28 00:12:29 transactions.go:80: Created new transaction
INFO: 2023/07/28 00:12:29 transactions.go:80: Created new transaction
INFO: 2023/07/28 00:12:29 transactions.go:80: Created new transaction
INFO: 2023/07/28 00:12:29 transactions.go:80: Created new transaction
INFO: 2023/07/28 00:12:29 transactions.go:80: Created new transaction
INFO: 2023/07/28 00:12:29 transactions.go:80: Created new transaction
INFO: 2023/07/28 00:12:29 transactions.go:80: Created new transaction
INFO: 2023/07/28 00:12:29 transactions.go:80: Created new transaction
INFO: 2023/07/28 00:12:29 transactions.go:80: Created new transaction
INFO: 2023/07/28 00:12:29 transactions.go:80: Created new transaction
INFO: 2023/07/28 00:12:29 transactions.go:80: Created new transaction
INFO: 2023/07/28 00:12:29 transactions.go:80: Created new transaction
INFO: 2023/07/28 00:12:29 transactions.go:80: Created new transaction
INFO: 2023/07/28 00:12:29 transactions.go:80: Created new transaction
INFO: 2023/07/28 00:12:29 transactions.go:80: Created new transaction
INFO: 2023/07/28 00:12:29 transactions.go:80: Created new transaction
INFO: 2023/07/28 00:12:29 transactions.go:80: Created new transaction
INFO: 2023/07/28 00:12:29 transactions.go:80: Created new transaction
INFO: 2023/07/28 00:12:29 transactions.go:80: Created new transaction
INFO: 2023/07/28 00:12:29 transactions.go:80: Created new transaction
INFO: 2023/07/28 00:12:29 transactions.go:80: Created new transaction
INFO: 2023/07/28 00:12:29 transactions.go:80: Created new transaction
INFO: 2023/07/28 00:12:29 transactions.go:80: Created new transaction
INFO: 2023/07/28 00:12:29 transactions.go:80: Created new transaction
INFO: 2023/07/28 00:12:29 transactions.go:80: Created new transaction
INFO: 2023/07/28 00:12:29 transactions.go:80: Created new transaction
INFO: 2023/07/28 00:12:29 transactions.go:80: Created new transaction
INFO: 2023/07/28 00:12:29 transactions.go:80: Created new transaction
INFO: 2023/07/28 00:12:29 transactions.go:80: Created new transaction
INFO: 2023/07/28 00:12:29 transactions.go:80: Created new transaction
INFO: 2023/07/28 00:12:29 transactions.go:80: Created new transaction
INFO: 2023/07/28 00:12:29 transactions.go:80: Created new transaction
INFO: 2023/07/28 00:12:29 transactions.go:80: Created new transaction
INFO: 2023/07/28 00:12:29 transactions.go:80: Created new transaction
INFO: 2023/07/28 00:12:29 transactions.go:80: Created new transaction
INFO: 2023/07/28 00:12:29 transactions.go:80: Created new transaction
INFO: 2023/07/28 00:12:29 transactions.go:80: Created new transaction
INFO: 2023/07/28 00:12:29 transactions.go:80: Created new transaction
INFO: 2023/07/28 00:12:29 transactions.go:80: Created new transaction
INFO: 2023/07/28 00:12:29 transactions.go:80: Created new transaction
INFO: 2023/07/28 00:12:29 transactions.go:80: Created new transaction
INFO: 2023/07/28 00:12:29 transactions.go:80: Created new transaction
INFO: 2023/07/28 00:12:29 transactions.go:80: Created new transaction
INFO: 2023/07/28 00:12:29 transactions.go:80: Created new transaction
INFO: 2023/07/28 00:12:29 transactions.go:80: Created new transaction
INFO: 2023/07/28 00:12:29 transactions.go:80: Created new transaction
INFO: 2023/07/28 00:12:29 transactions.go:80: Created new transaction
INFO: 2023/07/28 00:12:29 transactions.go:80: Created new transaction
INFO: 2023/07/28 00:12:29 transactions.go:80: Created new transaction
INFO: 2023/07/28 00:12:29 transactions.go:80: Created new transaction
INFO: 2023/07/28 00:12:29 transactions.go:80: Created new transaction
INFO: 2023/07/28 00:12:29 transactions.go:80: Created new transaction
INFO: 2023/07/28 00:12:29 transactions.go:80: Created new transaction
INFO: 2023/07/28 00:12:29 transactions.go:80: Created new transaction
INFO: 2023/07/28 00:12:29 transactions.go:80: Created new transaction
INFO: 2023/07/28 00:12:29 transactions.go:80: Created new transaction
INFO: 2023/07/28 00:12:29 transactions.go:80: Created new transaction
INFO: 2023/07/28 00:12:29 transactions.go:80: Created new transaction
INFO: 2023/07/28 00:12:29 transactions.go:80: Created new transaction
INFO: 2023/07/28 00:12:36 ether.go:41: Getting all transactions...
INFO: 2023/07/28 00:12:36 service-ether.go:43: Getting all transactions...
INFO: 2023/07/28 00:12:36 repo-ether.go:66: Got all transactions
INFO: 2023/07/28 00:12:36 service-ether.go:48: Got all transactions
INFO: 2023/07/28 00:12:36 ether.go:48: Got all transactions
INFO: 2023/07/28 00:12:41 ether.go:29: Getting transactions by rlphex...
INFO: 2023/07/28 00:12:41 service-ether.go:29: Getting transactions by rlphex...
INFO: 2023/07/28 00:12:41 repo-ether.go:66: Got all transactions
INFO: 2023/07/28 00:12:41 repo-ether.go:38: Got transactions by RLP
INFO: 2023/07/28 00:12:41 service-ether.go:38: Got transactions by rlphex
INFO: 2023/07/28 00:12:41 ether.go:37: Got transactions by rlphex
